2023-08-16 19:41:29 error: [POST] /Game >> StatusCode:: 400, Message:: MongoError: E11000 duplicate key error collection: test.games index: _id_ dup key: { _id: ObjectId('64dd50718985b8a9851972ff') }, Error: **Error: MongoError: E11000 duplicate key error collection: test.games index: _id_ dup key: { _id: ObjectId('64dd50718985b8a9851972ff') }** Error: **MongoError: E11000 duplicate key error collection: test.games index: _id_ dup key: { _id: ObjectId('64dd50718985b8a9851972ff') }**
2023-08-16 19:46:16 error: uncaughtException: ⨯ Unable to compile TypeScript:
[96msrc/services/game.service.ts[0m:[93m64[0m:[93m43[0m - [91merror[0m[90m TS1005: [0m',' expected.

[7m64[0m             console.log({gameCreated, game._id});
[7m  [0m [91m                                          ~[0m

TSError: ⨯ Unable to compile TypeScript:
[96msrc/services/game.service.ts[0m:[93m64[0m:[93m43[0m - [91merror[0m[90m TS1005: [0m',' expected.

[7m64[0m             console.log({gameCreated, game._id});
[7m  [0m [91m                                          ~[0m

    at createTSError (/Users/jacianabarbosa/Desktop/d-creea-rubens/dcreea-backend/node_modules/ts-node/src/index.ts:587:12)
    at reportTSError (/Users/jacianabarbosa/Desktop/d-creea-rubens/dcreea-backend/node_modules/ts-node/src/index.ts:591:19)
    at getOutput (/Users/jacianabarbosa/Desktop/d-creea-rubens/dcreea-backend/node_modules/ts-node/src/index.ts:1174:34)
    at Object.compile (/Users/jacianabarbosa/Desktop/d-creea-rubens/dcreea-backend/node_modules/ts-node/src/index.ts:1189:32)
    at Module.m._compile (/Users/jacianabarbosa/Desktop/d-creea-rubens/dcreea-backend/node_modules/ts-node/src/index.ts:1295:42)
    at Module._extensions..js (internal/modules/cjs/loader.js:1027:10)
    at Object.require.extensions.<computed> [as .ts] (/Users/jacianabarbosa/Desktop/d-creea-rubens/dcreea-backend/node_modules/ts-node/src/index.ts:1298:12)
    at Module.load (internal/modules/cjs/loader.js:863:32)
    at Function.Module._load (internal/modules/cjs/loader.js:708:14)
    at Module.require (internal/modules/cjs/loader.js:887:19)
    at require (internal/modules/cjs/helpers.js:74:18)
    at Object.<anonymous> (/Users/jacianabarbosa/Desktop/d-creea-rubens/dcreea-backend/src/controllers/game.controller.ts:4:1)
    at Module._compile (internal/modules/cjs/loader.js:999:30)
    at Module.m._compile (/Users/jacianabarbosa/Desktop/d-creea-rubens/dcreea-backend/node_modules/ts-node/src/index.ts:1295:23)
    at Module._extensions..js (internal/modules/cjs/loader.js:1027:10)
    at Object.require.extensions.<computed> [as .ts] (/Users/jacianabarbosa/Desktop/d-creea-rubens/dcreea-backend/node_modules/ts-node/src/index.ts:1298:12)
2023-08-16 19:47:34 error: [POST] /Game >> StatusCode:: 400, Message:: MongoError: E11000 duplicate key error collection: test.games index: _id_ dup key: { _id: ObjectId('64dd51f482bab5aa4860d6a3') }, Error: **Error: MongoError: E11000 duplicate key error collection: test.games index: _id_ dup key: { _id: ObjectId('64dd51f482bab5aa4860d6a3') }** Error: **MongoError: E11000 duplicate key error collection: test.games index: _id_ dup key: { _id: ObjectId('64dd51f482bab5aa4860d6a3') }**
2023-08-16 19:50:14 error: [POST] /login >> StatusCode:: 409, Message:: Email jaciana@game.com not found, Error: **Error: Email jaciana@game.com not found** Error: **Email jaciana@game.com not found**
2023-08-16 19:50:58 error: [POST] /Game >> StatusCode:: 400, Message:: MongoError: E11000 duplicate key error collection: test.games index: _id_ dup key: { _id: ObjectId('64dd52bc1d8da5aacd5614c5') }, Error: **Error: MongoError: E11000 duplicate key error collection: test.games index: _id_ dup key: { _id: ObjectId('64dd52bc1d8da5aacd5614c5') }** Error: **MongoError: E11000 duplicate key error collection: test.games index: _id_ dup key: { _id: ObjectId('64dd52bc1d8da5aacd5614c5') }**
2023-08-16 20:04:25 error: [POST] /Game >> StatusCode:: 400, Message:: MongoError: E11000 duplicate key error collection: test.games index: _id_ dup key: { _id: ObjectId('64dd52bc1d8da5aacd5614c5') }, Error: **Error: MongoError: E11000 duplicate key error collection: test.games index: _id_ dup key: { _id: ObjectId('64dd52bc1d8da5aacd5614c5') }** Error: **MongoError: E11000 duplicate key error collection: test.games index: _id_ dup key: { _id: ObjectId('64dd52bc1d8da5aacd5614c5') }**
2023-08-16 20:09:50 error: [POST] /Game >> StatusCode:: 400, Message:: MongoError: E11000 duplicate key error collection: test.games index: _id_ dup key: { _id: ObjectId('64dd52bc1d8da5aacd5614c5') }, Error: **Error: MongoError: E11000 duplicate key error collection: test.games index: _id_ dup key: { _id: ObjectId('64dd52bc1d8da5aacd5614c5') }** Error: **MongoError: E11000 duplicate key error collection: test.games index: _id_ dup key: { _id: ObjectId('64dd52bc1d8da5aacd5614c5') }**
2023-08-16 20:11:11 error: [POST] /Game >> StatusCode:: 400, Message:: MongoError: E11000 duplicate key error collection: test.games index: _id_ dup key: { _id: ObjectId('64dd52bc1d8da5aacd5614c5') }, Error: **Error: MongoError: E11000 duplicate key error collection: test.games index: _id_ dup key: { _id: ObjectId('64dd52bc1d8da5aacd5614c5') }** Error: **MongoError: E11000 duplicate key error collection: test.games index: _id_ dup key: { _id: ObjectId('64dd52bc1d8da5aacd5614c5') }**
2023-08-16 20:11:23 error: [POST] /Game >> StatusCode:: 400, Message:: MongoError: E11000 duplicate key error collection: test.games index: _id_ dup key: { _id: ObjectId('64dd52bc1d8da5aacd5614c5') }, Error: **Error: MongoError: E11000 duplicate key error collection: test.games index: _id_ dup key: { _id: ObjectId('64dd52bc1d8da5aacd5614c5') }** Error: **MongoError: E11000 duplicate key error collection: test.games index: _id_ dup key: { _id: ObjectId('64dd52bc1d8da5aacd5614c5') }**
2023-08-16 20:16:23 error: [POST] /Game >> StatusCode:: 400, Message:: MongoError: E11000 duplicate key error collection: test.games index: _id_ dup key: { _id: ObjectId('64dd58a468fe81ac151f7831') }, Error: **Error: MongoError: E11000 duplicate key error collection: test.games index: _id_ dup key: { _id: ObjectId('64dd58a468fe81ac151f7831') }** Error: **MongoError: E11000 duplicate key error collection: test.games index: _id_ dup key: { _id: ObjectId('64dd58a468fe81ac151f7831') }**
2023-08-16 20:24:03 error: [POST] /Game >> StatusCode:: 400, Message:: MongoError: E11000 duplicate key error collection: test.games index: _id_ dup key: { _id: ObjectId('64dd5a75c27140acfc263386') }, Error: **Error: MongoError: E11000 duplicate key error collection: test.games index: _id_ dup key: { _id: ObjectId('64dd5a75c27140acfc263386') }** Error: **MongoError: E11000 duplicate key error collection: test.games index: _id_ dup key: { _id: ObjectId('64dd5a75c27140acfc263386') }**
2023-08-16 20:29:05 error: [POST] /Game >> StatusCode:: 400, Message:: ValidationError: game: Path `game` is required., Error: **Error: ValidationError: game: Path `game` is required.** Error: **ValidationError: game: Path `game` is required.**
2023-08-16 20:30:11 error: [POST] /Game >> StatusCode:: 400, Message:: ValidationError: game: Path `game` is required., Error: **Error: ValidationError: game: Path `game` is required.** Error: **ValidationError: game: Path `game` is required.**
2023-08-16 20:37:26 error: [POST] /Game >> StatusCode:: 400, Message:: MongoError: E11000 duplicate key error collection: test.games index: _id_ dup key: { _id: ObjectId('64dd5da112cf11ae13a08e49') }, Error: **Error: MongoError: E11000 duplicate key error collection: test.games index: _id_ dup key: { _id: ObjectId('64dd5da112cf11ae13a08e49') }** Error: **MongoError: E11000 duplicate key error collection: test.games index: _id_ dup key: { _id: ObjectId('64dd5da112cf11ae13a08e49') }**
2023-08-16 20:42:51 error: [POST] /Game >> StatusCode:: 400, Message:: ValidationError: game: Path `game` is required., Error: **Error: ValidationError: game: Path `game` is required.** Error: **ValidationError: game: Path `game` is required.**
2023-08-16 20:53:26 error: [POST] /Game >> StatusCode:: 400, Message:: ValidationError: _id: Cast to ObjectId failed for value "64dd614153089eb06bf8e4fet" (type string) at path "_id", Error: **Error: ValidationError: _id: Cast to ObjectId failed for value "64dd614153089eb06bf8e4fet" (type string) at path "_id"** Error: **ValidationError: _id: Cast to ObjectId failed for value "64dd614153089eb06bf8e4fet" (type string) at path "_id"**
2023-08-16 20:59:26 error: [POST] /Game >> StatusCode:: 400, Message:: MongoError: E11000 duplicate key error collection: test.games index: _id_ dup key: { _id: ObjectId('64dd62d32672a8b0f7485f2b') }, Error: **Error: MongoError: E11000 duplicate key error collection: test.games index: _id_ dup key: { _id: ObjectId('64dd62d32672a8b0f7485f2b') }** Error: **MongoError: E11000 duplicate key error collection: test.games index: _id_ dup key: { _id: ObjectId('64dd62d32672a8b0f7485f2b') }**
2023-08-16 21:06:21 error: [POST] /Game >> StatusCode:: 400, Message:: ValidationError: _id: Cast to ObjectId failed for value "0" (type string) at path "_id", Error: **Error: ValidationError: _id: Cast to ObjectId failed for value "0" (type string) at path "_id"** Error: **ValidationError: _id: Cast to ObjectId failed for value "0" (type string) at path "_id"**
2023-08-16 21:08:49 error: [POST] /Game >> StatusCode:: 400, Message:: MongoError: E11000 duplicate key error collection: test.games index: _id_ dup key: { _id: ObjectId('64dd6501c26122b242e5a466') }, Error: **Error: MongoError: E11000 duplicate key error collection: test.games index: _id_ dup key: { _id: ObjectId('64dd6501c26122b242e5a466') }** Error: **MongoError: E11000 duplicate key error collection: test.games index: _id_ dup key: { _id: ObjectId('64dd6501c26122b242e5a466') }**
2023-08-16 21:10:01 error: [POST] /Game >> StatusCode:: 400, Message:: ValidationError: game: Path `game` is required., Error: **Error: ValidationError: game: Path `game` is required.** Error: **ValidationError: game: Path `game` is required.**
2023-08-16 21:10:17 error: [POST] /Game >> StatusCode:: 400, Message:: ValidationError: game: Path `game` is required., Error: **Error: ValidationError: game: Path `game` is required.** Error: **ValidationError: game: Path `game` is required.**
2023-08-16 21:14:18 error: [POST] /Game >> StatusCode:: 400, Message:: ValidationError: game: Path `game` is required., Error: **Error: ValidationError: game: Path `game` is required.** Error: **ValidationError: game: Path `game` is required.**
2023-08-16 21:19:03 error: [POST] /Game >> StatusCode:: 400, Message:: ValidationError: game: Path `game` is required., Error: **Error: ValidationError: game: Path `game` is required.** Error: **ValidationError: game: Path `game` is required.**
2023-08-16 21:21:43 error: [POST] /login >> StatusCode:: 400, Message:: email must be an email, Error: **Error: email must be an email** Error: **email must be an email**
2023-08-16 21:21:43 error: [POST] /login >> StatusCode:: 400, Message:: email must be an email, Error: **Error: email must be an email** Error: **email must be an email**
2023-08-16 21:22:01 error: [POST] /Game >> StatusCode:: 400, Message:: ValidationError: game: Path `game` is required., Error: **Error: ValidationError: game: Path `game` is required.** Error: **ValidationError: game: Path `game` is required.**
2023-08-16 21:23:02 error: [POST] /Game >> StatusCode:: 400, Message:: ValidationError: game: Path `game` is required., Error: **Error: ValidationError: game: Path `game` is required.** Error: **ValidationError: game: Path `game` is required.**
2023-08-16 21:25:58 error: [POST] /Game >> StatusCode:: 400, Message:: ValidationError: game: Path `game` is required., Error: **Error: ValidationError: game: Path `game` is required.** Error: **ValidationError: game: Path `game` is required.**
2023-08-16 21:29:15 error: [POST] /Game >> StatusCode:: 400, Message:: ValidationError: game: Path `game` is required., Error: **Error: ValidationError: game: Path `game` is required.** Error: **ValidationError: game: Path `game` is required.**
2023-08-16 21:33:57 error: [POST] /Game >> StatusCode:: 400, Message:: Error: não pode criar um game com o mesmo nome, Error: **Error: Error: não pode criar um game com o mesmo nome** Error: **Error: não pode criar um game com o mesmo nome**
2023-08-16 21:37:14 error: [POST] /Game >> StatusCode:: 400, Message:: ValidationError: game: Path `game` is required., Error: **Error: ValidationError: game: Path `game` is required.** Error: **ValidationError: game: Path `game` is required.**
2023-08-16 21:45:49 error: [POST] /Game >> StatusCode:: 400, Message:: ValidationError: game: Path `game` is required., Error: **Error: ValidationError: game: Path `game` is required.** Error: **ValidationError: game: Path `game` is required.**
2023-08-16 21:47:08 error: [POST] /Deck >> StatusCode:: 500, Message:: Deck validation failed: description: Path `description` is required., Error: **ValidationError: description: Path `description` is required.** Error: **Deck validation failed: description: Path `description` is required.**
2023-08-16 21:47:16 error: [POST] /Deck >> StatusCode:: 500, Message:: Deck validation failed: description: Path `description` is required., Error: **ValidationError: description: Path `description` is required.** Error: **Deck validation failed: description: Path `description` is required.**
2023-08-16 21:48:43 error: [PUT] /Deck >> StatusCode:: 409, Message:: Deck not found while updating, Error: **Error: Deck not found while updating** Error: **Deck not found while updating**
2023-08-16 21:48:49 error: [POST] /Deck >> StatusCode:: 500, Message:: Deck validation failed: description: Path `description` is required., Error: **ValidationError: description: Path `description` is required.** Error: **Deck validation failed: description: Path `description` is required.**
2023-08-16 21:50:08 error: [POST] /Deck >> StatusCode:: 500, Message:: Deck validation failed: description: Path `description` is required., Error: **ValidationError: description: Path `description` is required.** Error: **Deck validation failed: description: Path `description` is required.**
2023-08-16 21:57:00 error: [POST] /Game >> StatusCode:: 400, Message:: ValidationError: game: Path `game` is required., Error: **Error: ValidationError: game: Path `game` is required.** Error: **ValidationError: game: Path `game` is required.**
2023-08-16 21:58:20 error: [POST] /Game >> StatusCode:: 400, Message:: ValidationError: game: Path `game` is required., Error: **Error: ValidationError: game: Path `game` is required.** Error: **ValidationError: game: Path `game` is required.**
2023-08-16 22:01:12 error: [POST] /Game >> StatusCode:: 400, Message:: ValidationError: game: Path `game` is required., Error: **Error: ValidationError: game: Path `game` is required.** Error: **ValidationError: game: Path `game` is required.**
2023-08-16 22:01:55 error: [POST] /Game >> StatusCode:: 400, Message:: ValidationError: game: Path `game` is required., Error: **Error: ValidationError: game: Path `game` is required.** Error: **ValidationError: game: Path `game` is required.**
2023-08-16 22:08:40 error: [POST] /Game >> StatusCode:: 400, Message:: ValidationError: game: Path `game` is required., Error: **Error: ValidationError: game: Path `game` is required.** Error: **ValidationError: game: Path `game` is required.**
2023-08-16 22:10:01 error: [POST] /Game >> StatusCode:: 400, Message:: ValidationError: game: Path `game` is required., Error: **Error: ValidationError: game: Path `game` is required.** Error: **ValidationError: game: Path `game` is required.**
2023-08-16 22:13:07 error: [POST] /Game >> StatusCode:: 400, Message:: ValidationError: game: Path `game` is required., Error: **Error: ValidationError: game: Path `game` is required.** Error: **ValidationError: game: Path `game` is required.**
2023-08-16 22:18:54 error: [POST] /Game >> StatusCode:: 400, Message:: ValidationError: game: Path `game` is required., Error: **Error: ValidationError: game: Path `game` is required.** Error: **ValidationError: game: Path `game` is required.**
2023-08-16 22:20:30 error: [POST] /Game >> StatusCode:: 400, Message:: ValidationError: game: Path `game` is required., Error: **Error: ValidationError: game: Path `game` is required.** Error: **ValidationError: game: Path `game` is required.**
