2023-08-04 00:05:59 error: [POST] /Game >> StatusCode:: 400, Message:: TypeError: Cannot read property 'length' of null, Error: **Error: TypeError: Cannot read property 'length' of null** Error: **TypeError: Cannot read property 'length' of null**
2023-08-04 00:11:27 error: [POST] /Game >> StatusCode:: 400, Message:: MongoError: E11000 duplicate key error collection: test.games index: _id_ dup key: { _id: ObjectId('64cc6c52e3cf82029fc1478b') }, Error: **Error: MongoError: E11000 duplicate key error collection: test.games index: _id_ dup key: { _id: ObjectId('64cc6c52e3cf82029fc1478b') }** Error: **MongoError: E11000 duplicate key error collection: test.games index: _id_ dup key: { _id: ObjectId('64cc6c52e3cf82029fc1478b') }**
2023-08-04 00:12:15 error: [POST] /Game >> StatusCode:: 400, Message:: MongoError: E11000 duplicate key error collection: test.games index: _id_ dup key: { _id: ObjectId('64cc6c7ffa096902c732c25c') }, Error: **Error: MongoError: E11000 duplicate key error collection: test.games index: _id_ dup key: { _id: ObjectId('64cc6c7ffa096902c732c25c') }** Error: **MongoError: E11000 duplicate key error collection: test.games index: _id_ dup key: { _id: ObjectId('64cc6c7ffa096902c732c25c') }**
2023-08-04 00:12:23 error: [POST] /Game >> StatusCode:: 400, Message:: MongoError: E11000 duplicate key error collection: test.games index: _id_ dup key: { _id: ObjectId('64cc6c7ffa096902c732c25c') }, Error: **Error: MongoError: E11000 duplicate key error collection: test.games index: _id_ dup key: { _id: ObjectId('64cc6c7ffa096902c732c25c') }** Error: **MongoError: E11000 duplicate key error collection: test.games index: _id_ dup key: { _id: ObjectId('64cc6c7ffa096902c732c25c') }**
2023-08-04 00:12:29 error: [POST] /Game >> StatusCode:: 400, Message:: MongoError: E11000 duplicate key error collection: test.games index: _id_ dup key: { _id: ObjectId('64cc6c7ffa096902c732c25c') }, Error: **Error: MongoError: E11000 duplicate key error collection: test.games index: _id_ dup key: { _id: ObjectId('64cc6c7ffa096902c732c25c') }** Error: **MongoError: E11000 duplicate key error collection: test.games index: _id_ dup key: { _id: ObjectId('64cc6c7ffa096902c732c25c') }**
2023-08-04 00:13:43 error: [POST] /Game >> StatusCode:: 400, Message:: MongoError: E11000 duplicate key error collection: test.games index: _id_ dup key: { _id: ObjectId('64cc6cdbd12f870323634ac6') }, Error: **Error: MongoError: E11000 duplicate key error collection: test.games index: _id_ dup key: { _id: ObjectId('64cc6cdbd12f870323634ac6') }** Error: **MongoError: E11000 duplicate key error collection: test.games index: _id_ dup key: { _id: ObjectId('64cc6cdbd12f870323634ac6') }**
2023-08-04 00:13:50 error: [POST] /Game >> StatusCode:: 400, Message:: MongoError: E11000 duplicate key error collection: test.games index: _id_ dup key: { _id: ObjectId('64cc6cdbd12f870323634ac6') }, Error: **Error: MongoError: E11000 duplicate key error collection: test.games index: _id_ dup key: { _id: ObjectId('64cc6cdbd12f870323634ac6') }** Error: **MongoError: E11000 duplicate key error collection: test.games index: _id_ dup key: { _id: ObjectId('64cc6cdbd12f870323634ac6') }**
2023-08-04 00:15:05 error: [POST] /Game >> StatusCode:: 400, Message:: MongoError: E11000 duplicate key error collection: test.games index: _id_ dup key: { _id: ObjectId('64cc6d2e7930e70351b72262') }, Error: **Error: MongoError: E11000 duplicate key error collection: test.games index: _id_ dup key: { _id: ObjectId('64cc6d2e7930e70351b72262') }** Error: **MongoError: E11000 duplicate key error collection: test.games index: _id_ dup key: { _id: ObjectId('64cc6d2e7930e70351b72262') }**
2023-08-04 00:15:07 error: [POST] /Game >> StatusCode:: 400, Message:: MongoError: E11000 duplicate key error collection: test.games index: _id_ dup key: { _id: ObjectId('64cc6d2e7930e70351b72262') }, Error: **Error: MongoError: E11000 duplicate key error collection: test.games index: _id_ dup key: { _id: ObjectId('64cc6d2e7930e70351b72262') }** Error: **MongoError: E11000 duplicate key error collection: test.games index: _id_ dup key: { _id: ObjectId('64cc6d2e7930e70351b72262') }**
2023-08-04 00:15:09 error: [POST] /Game >> StatusCode:: 400, Message:: MongoError: E11000 duplicate key error collection: test.games index: _id_ dup key: { _id: ObjectId('64cc6d2e7930e70351b72262') }, Error: **Error: MongoError: E11000 duplicate key error collection: test.games index: _id_ dup key: { _id: ObjectId('64cc6d2e7930e70351b72262') }** Error: **MongoError: E11000 duplicate key error collection: test.games index: _id_ dup key: { _id: ObjectId('64cc6d2e7930e70351b72262') }**
2023-08-04 00:15:09 error: [POST] /Game >> StatusCode:: 400, Message:: MongoError: E11000 duplicate key error collection: test.games index: _id_ dup key: { _id: ObjectId('64cc6d2e7930e70351b72262') }, Error: **Error: MongoError: E11000 duplicate key error collection: test.games index: _id_ dup key: { _id: ObjectId('64cc6d2e7930e70351b72262') }** Error: **MongoError: E11000 duplicate key error collection: test.games index: _id_ dup key: { _id: ObjectId('64cc6d2e7930e70351b72262') }**
2023-08-04 00:15:12 error: [POST] /Game >> StatusCode:: 400, Message:: MongoError: E11000 duplicate key error collection: test.games index: _id_ dup key: { _id: ObjectId('64cc6d2e7930e70351b72262') }, Error: **Error: MongoError: E11000 duplicate key error collection: test.games index: _id_ dup key: { _id: ObjectId('64cc6d2e7930e70351b72262') }** Error: **MongoError: E11000 duplicate key error collection: test.games index: _id_ dup key: { _id: ObjectId('64cc6d2e7930e70351b72262') }**
2023-08-04 00:16:09 error: [POST] /Game >> StatusCode:: 400, Message:: MongoError: E11000 duplicate key error collection: test.games index: _id_ dup key: { _id: ObjectId('64cc6d6fc0976603d70efae3') }, Error: **Error: MongoError: E11000 duplicate key error collection: test.games index: _id_ dup key: { _id: ObjectId('64cc6d6fc0976603d70efae3') }** Error: **MongoError: E11000 duplicate key error collection: test.games index: _id_ dup key: { _id: ObjectId('64cc6d6fc0976603d70efae3') }**
2023-08-04 00:17:23 error: [POST] /Game >> StatusCode:: 400, Message:: MongoError: E11000 duplicate key error collection: test.games index: _id_ dup key: { _id: ObjectId('64cc6db62e658c03f8ef295b') }, Error: **Error: MongoError: E11000 duplicate key error collection: test.games index: _id_ dup key: { _id: ObjectId('64cc6db62e658c03f8ef295b') }** Error: **MongoError: E11000 duplicate key error collection: test.games index: _id_ dup key: { _id: ObjectId('64cc6db62e658c03f8ef295b') }**
2023-08-04 00:17:25 error: [POST] /Game >> StatusCode:: 400, Message:: MongoError: E11000 duplicate key error collection: test.games index: _id_ dup key: { _id: ObjectId('64cc6db62e658c03f8ef295b') }, Error: **Error: MongoError: E11000 duplicate key error collection: test.games index: _id_ dup key: { _id: ObjectId('64cc6db62e658c03f8ef295b') }** Error: **MongoError: E11000 duplicate key error collection: test.games index: _id_ dup key: { _id: ObjectId('64cc6db62e658c03f8ef295b') }**
2023-08-04 00:19:47 error: [POST] /Game >> StatusCode:: 400, Message:: MongoError: E11000 duplicate key error collection: test.games index: _id_ dup key: { _id: ObjectId('64cc6db62e658c03f8ef295b') }, Error: **Error: MongoError: E11000 duplicate key error collection: test.games index: _id_ dup key: { _id: ObjectId('64cc6db62e658c03f8ef295b') }** Error: **MongoError: E11000 duplicate key error collection: test.games index: _id_ dup key: { _id: ObjectId('64cc6db62e658c03f8ef295b') }**
2023-08-04 00:47:50 error: [POST] /Game >> StatusCode:: 400, Message:: MongoError: E11000 duplicate key error collection: test.games index: _id_ dup key: { _id: ObjectId('64cc74dc09f838064c3d8734') }, Error: **Error: MongoError: E11000 duplicate key error collection: test.games index: _id_ dup key: { _id: ObjectId('64cc74dc09f838064c3d8734') }** Error: **MongoError: E11000 duplicate key error collection: test.games index: _id_ dup key: { _id: ObjectId('64cc74dc09f838064c3d8734') }**
2023-08-04 00:55:12 error: uncaughtException: тип Unable to compile TypeScript:
[96msrc/services/game.service.ts[0m:[93m62[0m:[93m106[0m - [91merror[0m[90m TS1005: [0m',' expected.

[7m62[0m             gameCreated = await this.games.findOne({ name: gameCreated.name, user: gameCreated.user, game._id = gameCreated._id });
[7m  [0m [91m                                                                                                         ~[0m

TSError: тип Unable to compile TypeScript:
[96msrc/services/game.service.ts[0m:[93m62[0m:[93m106[0m - [91merror[0m[90m TS1005: [0m',' expected.

[7m62[0m             gameCreated = await this.games.findOne({ name: gameCreated.name, user: gameCreated.user, game._id = gameCreated._id });
[7m  [0m [91m                                                                                                         ~[0m

    at createTSError (/Users/jacianabarbosa/Desktop/d-creea-rubens/dcreea-backend/node_modules/ts-node/src/index.ts:587:12)
    at reportTSError (/Users/jacianabarbosa/Desktop/d-creea-rubens/dcreea-backend/node_modules/ts-node/src/index.ts:591:19)
    at getOutput (/Users/jacianabarbosa/Desktop/d-creea-rubens/dcreea-backend/node_modules/ts-node/src/index.ts:1174:34)
    at Object.compile (/Users/jacianabarbosa/Desktop/d-creea-rubens/dcreea-backend/node_modules/ts-node/src/index.ts:1189:32)
    at Module.m._compile (/Users/jacianabarbosa/Desktop/d-creea-rubens/dcreea-backend/node_modules/ts-node/src/index.ts:1295:42)
    at Module._extensions..js (internal/modules/cjs/loader.js:1027:10)
    at Object.require.extensions.<computed> [as .ts] (/Users/jacianabarbosa/Desktop/d-creea-rubens/dcreea-backend/node_modules/ts-node/src/index.ts:1298:12)
    at Module.load (internal/modules/cjs/loader.js:863:32)
    at Function.Module._load (internal/modules/cjs/loader.js:708:14)
    at Module.require (internal/modules/cjs/loader.js:887:19)
    at require (internal/modules/cjs/helpers.js:74:18)
    at Object.<anonymous> (/Users/jacianabarbosa/Desktop/d-creea-rubens/dcreea-backend/src/controllers/game.controller.ts:4:1)
    at Module._compile (internal/modules/cjs/loader.js:999:30)
    at Module.m._compile (/Users/jacianabarbosa/Desktop/d-creea-rubens/dcreea-backend/node_modules/ts-node/src/index.ts:1295:23)
    at Module._extensions..js (internal/modules/cjs/loader.js:1027:10)
    at Object.require.extensions.<computed> [as .ts] (/Users/jacianabarbosa/Desktop/d-creea-rubens/dcreea-backend/node_modules/ts-node/src/index.ts:1298:12)
2023-08-04 00:56:53 error: [POST] /Game >> StatusCode:: 400, Message:: TypeError: Cannot read property '_id' of null, Error: **Error: TypeError: Cannot read property '_id' of null** Error: **TypeError: Cannot read property '_id' of null**
2023-08-04 00:57:21 error: uncaughtException: тип Unable to compile TypeScript:
[96msrc/services/game.service.ts[0m:[93m63[0m:[93m23[0m - [91merror[0m[90m TS1005: [0m',' expected.

[7m63[0m             const game._id = !gameCreated._id;
[7m  [0m [91m                      ~[0m

TSError: тип Unable to compile TypeScript:
[96msrc/services/game.service.ts[0m:[93m63[0m:[93m23[0m - [91merror[0m[90m TS1005: [0m',' expected.

[7m63[0m             const game._id = !gameCreated._id;
[7m  [0m [91m                      ~[0m

    at createTSError (/Users/jacianabarbosa/Desktop/d-creea-rubens/dcreea-backend/node_modules/ts-node/src/index.ts:587:12)
    at reportTSError (/Users/jacianabarbosa/Desktop/d-creea-rubens/dcreea-backend/node_modules/ts-node/src/index.ts:591:19)
    at getOutput (/Users/jacianabarbosa/Desktop/d-creea-rubens/dcreea-backend/node_modules/ts-node/src/index.ts:1174:34)
    at Object.compile (/Users/jacianabarbosa/Desktop/d-creea-rubens/dcreea-backend/node_modules/ts-node/src/index.ts:1189:32)
    at Module.m._compile (/Users/jacianabarbosa/Desktop/d-creea-rubens/dcreea-backend/node_modules/ts-node/src/index.ts:1295:42)
    at Module._extensions..js (internal/modules/cjs/loader.js:1027:10)
    at Object.require.extensions.<computed> [as .ts] (/Users/jacianabarbosa/Desktop/d-creea-rubens/dcreea-backend/node_modules/ts-node/src/index.ts:1298:12)
    at Module.load (internal/modules/cjs/loader.js:863:32)
    at Function.Module._load (internal/modules/cjs/loader.js:708:14)
    at Module.require (internal/modules/cjs/loader.js:887:19)
    at require (internal/modules/cjs/helpers.js:74:18)
    at Object.<anonymous> (/Users/jacianabarbosa/Desktop/d-creea-rubens/dcreea-backend/src/controllers/game.controller.ts:4:1)
    at Module._compile (internal/modules/cjs/loader.js:999:30)
    at Module.m._compile (/Users/jacianabarbosa/Desktop/d-creea-rubens/dcreea-backend/node_modules/ts-node/src/index.ts:1295:23)
    at Module._extensions..js (internal/modules/cjs/loader.js:1027:10)
    at Object.require.extensions.<computed> [as .ts] (/Users/jacianabarbosa/Desktop/d-creea-rubens/dcreea-backend/node_modules/ts-node/src/index.ts:1298:12)
2023-08-04 00:58:17 error: [POST] /Game >> StatusCode:: 400, Message:: TypeError: Cannot read property '_id' of null, Error: **Error: TypeError: Cannot read property '_id' of null** Error: **TypeError: Cannot read property '_id' of null**
2023-08-04 00:58:53 error: [POST] /Game >> StatusCode:: 400, Message:: TypeError: Cannot read property '_id' of null, Error: **Error: TypeError: Cannot read property '_id' of null** Error: **TypeError: Cannot read property '_id' of null**
2023-08-04 00:59:00 error: [POST] /Game >> StatusCode:: 400, Message:: TypeError: Cannot read property '_id' of null, Error: **Error: TypeError: Cannot read property '_id' of null** Error: **TypeError: Cannot read property '_id' of null**
2023-08-04 01:00:23 error: [POST] /Game >> StatusCode:: 400, Message:: TypeError: Cannot read property '_id' of null, Error: **Error: TypeError: Cannot read property '_id' of null** Error: **TypeError: Cannot read property '_id' of null**
2023-08-04 01:01:00 error: [POST] /Game >> StatusCode:: 400, Message:: ValidationError: game: Path `game` is required., Error: **Error: ValidationError: game: Path `game` is required.** Error: **ValidationError: game: Path `game` is required.**
2023-08-04 01:01:23 error: [POST] /Game >> StatusCode:: 400, Message:: ValidationError: game: Path `game` is required., Error: **Error: ValidationError: game: Path `game` is required.** Error: **ValidationError: game: Path `game` is required.**
2023-08-04 01:04:12 error: [POST] /Game >> StatusCode:: 400, Message:: MongoError: E11000 duplicate key error collection: test.games index: _id_ dup key: { _id: ObjectId('64cc78af7d0d67085758355b') }, Error: **Error: MongoError: E11000 duplicate key error collection: test.games index: _id_ dup key: { _id: ObjectId('64cc78af7d0d67085758355b') }** Error: **MongoError: E11000 duplicate key error collection: test.games index: _id_ dup key: { _id: ObjectId('64cc78af7d0d67085758355b') }**
2023-08-04 01:39:38 error: [POST] /Game >> StatusCode:: 400, Message:: MongoError: E11000 duplicate key error collection: test.games index: _id_ dup key: { _id: ObjectId('64cc80f42406830b3a34560c') }, Error: **Error: MongoError: E11000 duplicate key error collection: test.games index: _id_ dup key: { _id: ObjectId('64cc80f42406830b3a34560c') }** Error: **MongoError: E11000 duplicate key error collection: test.games index: _id_ dup key: { _id: ObjectId('64cc80f42406830b3a34560c') }**
2023-08-04 01:39:50 error: [POST] /Game >> StatusCode:: 400, Message:: MongoError: E11000 duplicate key error collection: test.games index: _id_ dup key: { _id: ObjectId('64cc80f42406830b3a34560c') }, Error: **Error: MongoError: E11000 duplicate key error collection: test.games index: _id_ dup key: { _id: ObjectId('64cc80f42406830b3a34560c') }** Error: **MongoError: E11000 duplicate key error collection: test.games index: _id_ dup key: { _id: ObjectId('64cc80f42406830b3a34560c') }**
2023-08-04 01:40:44 error: [POST] /Game >> StatusCode:: 400, Message:: MongoError: E11000 duplicate key error collection: test.games index: _id_ dup key: { _id: ObjectId('64cc80f42406830b3a34560c') }, Error: **Error: MongoError: E11000 duplicate key error collection: test.games index: _id_ dup key: { _id: ObjectId('64cc80f42406830b3a34560c') }** Error: **MongoError: E11000 duplicate key error collection: test.games index: _id_ dup key: { _id: ObjectId('64cc80f42406830b3a34560c') }**
2023-08-04 01:41:42 error: [POST] /Game >> StatusCode:: 400, Message:: MongoError: E11000 duplicate key error collection: test.games index: _id_ dup key: { _id: ObjectId('64cc80f42406830b3a34560c') }, Error: **Error: MongoError: E11000 duplicate key error collection: test.games index: _id_ dup key: { _id: ObjectId('64cc80f42406830b3a34560c') }** Error: **MongoError: E11000 duplicate key error collection: test.games index: _id_ dup key: { _id: ObjectId('64cc80f42406830b3a34560c') }**
2023-08-04 01:41:45 error: [POST] /Game >> StatusCode:: 400, Message:: MongoError: E11000 duplicate key error collection: test.games index: _id_ dup key: { _id: ObjectId('64cc80f42406830b3a34560c') }, Error: **Error: MongoError: E11000 duplicate key error collection: test.games index: _id_ dup key: { _id: ObjectId('64cc80f42406830b3a34560c') }** Error: **MongoError: E11000 duplicate key error collection: test.games index: _id_ dup key: { _id: ObjectId('64cc80f42406830b3a34560c') }**
2023-08-04 01:41:49 error: [POST] /Game >> StatusCode:: 400, Message:: MongoError: E11000 duplicate key error collection: test.games index: _id_ dup key: { _id: ObjectId('64cc80f42406830b3a34560c') }, Error: **Error: MongoError: E11000 duplicate key error collection: test.games index: _id_ dup key: { _id: ObjectId('64cc80f42406830b3a34560c') }** Error: **MongoError: E11000 duplicate key error collection: test.games index: _id_ dup key: { _id: ObjectId('64cc80f42406830b3a34560c') }**
2023-08-04 01:42:49 error: [POST] /Game >> StatusCode:: 400, Message:: MongoError: E11000 duplicate key error collection: test.games index: _id_ dup key: { _id: ObjectId('64cc80f42406830b3a34560c') }, Error: **Error: MongoError: E11000 duplicate key error collection: test.games index: _id_ dup key: { _id: ObjectId('64cc80f42406830b3a34560c') }** Error: **MongoError: E11000 duplicate key error collection: test.games index: _id_ dup key: { _id: ObjectId('64cc80f42406830b3a34560c') }**
2023-08-04 01:43:01 error: [POST] /Game >> StatusCode:: 400, Message:: MongoError: E11000 duplicate key error collection: test.games index: _id_ dup key: { _id: ObjectId('64cc80f42406830b3a34560c') }, Error: **Error: MongoError: E11000 duplicate key error collection: test.games index: _id_ dup key: { _id: ObjectId('64cc80f42406830b3a34560c') }** Error: **MongoError: E11000 duplicate key error collection: test.games index: _id_ dup key: { _id: ObjectId('64cc80f42406830b3a34560c') }**
2023-08-04 01:52:25 error: [POST] /Game >> StatusCode:: 400, Message:: MongoError: E11000 duplicate key error collection: test.games index: _id_ dup key: { _id: ObjectId('64cc80f42406830b3a34560c') }, Error: **Error: MongoError: E11000 duplicate key error collection: test.games index: _id_ dup key: { _id: ObjectId('64cc80f42406830b3a34560c') }** Error: **MongoError: E11000 duplicate key error collection: test.games index: _id_ dup key: { _id: ObjectId('64cc80f42406830b3a34560c') }**
2023-08-04 02:09:50 error: [POST] /Game >> StatusCode:: 400, Message:: MongoError: E11000 duplicate key error collection: test.games index: _id_ dup key: { _id: ObjectId('64cc88157b567d0e56d659fb') }, Error: **Error: MongoError: E11000 duplicate key error collection: test.games index: _id_ dup key: { _id: ObjectId('64cc88157b567d0e56d659fb') }** Error: **MongoError: E11000 duplicate key error collection: test.games index: _id_ dup key: { _id: ObjectId('64cc88157b567d0e56d659fb') }**
2023-08-04 02:24:54 error: uncaughtException: listen EADDRINUSE: address already in use :::42041
Error: listen EADDRINUSE: address already in use :::42041
    at Server.setupListenHandle [as _listen2] (net.js:1316:16)
    at listenInCluster (net.js:1364:12)
    at Server.listen (net.js:1450:7)
    at Function.listen (/Users/jacianabarbosa/Desktop/d-creea-rubens/dcreea-backend/node_modules/express/lib/application.js:618:24)
    at App.listen (/Users/jacianabarbosa/Desktop/d-creea-rubens/dcreea-backend/src/app.ts:38:18)
    at Object.<anonymous> (/Users/jacianabarbosa/Desktop/d-creea-rubens/dcreea-backend/src/server.ts:34:5)
    at Module._compile (internal/modules/cjs/loader.js:999:30)
    at Module.m._compile (/Users/jacianabarbosa/Desktop/d-creea-rubens/dcreea-backend/node_modules/ts-node/src/index.ts:1295:23)
    at Module._extensions..js (internal/modules/cjs/loader.js:1027:10)
    at Object.require.extensions.<computed> [as .ts] (/Users/jacianabarbosa/Desktop/d-creea-rubens/dcreea-backend/node_modules/ts-node/src/index.ts:1298:12)
    at Module.load (internal/modules/cjs/loader.js:863:32)
    at Function.Module._load (internal/modules/cjs/loader.js:708:14)
    at Function.executeUserEntryPoint [as runMain] (internal/modules/run_main.js:60:12)
    at main (/Users/jacianabarbosa/Desktop/d-creea-rubens/dcreea-backend/node_modules/ts-node/src/bin.ts:246:14)
    at Object.<anonymous> (/Users/jacianabarbosa/Desktop/d-creea-rubens/dcreea-backend/node_modules/ts-node/src/bin.ts:382:3)
    at Module._compile (internal/modules/cjs/loader.js:999:30)
2023-08-04 02:27:08 error: [POST] /Game >> StatusCode:: 400, Message:: MongoError: E11000 duplicate key error collection: test.games index: _id_ dup key: { _id: ObjectId('64cc8bba27289f0eb4ebff9c') }, Error: **Error: MongoError: E11000 duplicate key error collection: test.games index: _id_ dup key: { _id: ObjectId('64cc8bba27289f0eb4ebff9c') }** Error: **MongoError: E11000 duplicate key error collection: test.games index: _id_ dup key: { _id: ObjectId('64cc8bba27289f0eb4ebff9c') }**
2023-08-04 02:27:15 error: [POST] /Game >> StatusCode:: 400, Message:: MongoError: E11000 duplicate key error collection: test.games index: _id_ dup key: { _id: ObjectId('64cc8bba27289f0eb4ebff9c') }, Error: **Error: MongoError: E11000 duplicate key error collection: test.games index: _id_ dup key: { _id: ObjectId('64cc8bba27289f0eb4ebff9c') }** Error: **MongoError: E11000 duplicate key error collection: test.games index: _id_ dup key: { _id: ObjectId('64cc8bba27289f0eb4ebff9c') }**
2023-08-04 16:08:42 error: [POST] /Game >> StatusCode:: 400, Message:: MongoError: E11000 duplicate key error collection: test.games index: _id_ dup key: { _id: ObjectId('64cc8bba27289f0eb4ebff9c') }, Error: **Error: MongoError: E11000 duplicate key error collection: test.games index: _id_ dup key: { _id: ObjectId('64cc8bba27289f0eb4ebff9c') }** Error: **MongoError: E11000 duplicate key error collection: test.games index: _id_ dup key: { _id: ObjectId('64cc8bba27289f0eb4ebff9c') }**
2023-08-04 16:08:59 error: [POST] /Game >> StatusCode:: 400, Message:: MongoError: E11000 duplicate key error collection: test.games index: _id_ dup key: { _id: ObjectId('64cc8bba27289f0eb4ebff9c') }, Error: **Error: MongoError: E11000 duplicate key error collection: test.games index: _id_ dup key: { _id: ObjectId('64cc8bba27289f0eb4ebff9c') }** Error: **MongoError: E11000 duplicate key error collection: test.games index: _id_ dup key: { _id: ObjectId('64cc8bba27289f0eb4ebff9c') }**
2023-08-04 16:16:28 error: [POST] /login >> StatusCode:: 409, Message:: Email jefferson@email.com not found, Error: **Error: Email jefferson@email.com not found** Error: **Email jefferson@email.com not found**
2023-08-04 16:28:20 error: [POST] /login >> StatusCode:: 409, Message:: Password not match, Error: **Error: Password not match** Error: **Password not match**
2023-08-04 16:28:29 error: [POST] /login >> StatusCode:: 409, Message:: Password not match, Error: **Error: Password not match** Error: **Password not match**
2023-08-04 16:34:57 error: [POST] /signup >> StatusCode:: 409, Message:: Email email@email.com already exists, Error: **Error: Email email@email.com already exists** Error: **Email email@email.com already exists**
2023-08-04 18:08:22 error: [POST] /login >> StatusCode:: 409, Message:: Email t@t.com not found, Error: **Error: Email t@t.com not found** Error: **Email t@t.com not found**
2023-08-04 18:49:37 error: [POST] /login >> StatusCode:: 400, Message:: email must be an email, Error: **Error: email must be an email** Error: **email must be an email**
