2023-08-03 19:14:10 error: [POST] /signup >> StatusCode:: 500, Message:: Operation `users.findOne()` buffering timed out after 10000ms, Error: **MongooseError: Operation `users.findOne()` buffering timed out after 10000ms** Error: **Operation `users.findOne()` buffering timed out after 10000ms**
2023-08-03 19:14:10 info: [0mPOST /signup [31m500[0m 10224.267 ms - 63[0m
2023-08-03 19:14:25 info: =================================
2023-08-03 19:14:25 info: ======= ENV: development =======
2023-08-03 19:14:25 info: 🚀 App listening on http://localhost:42041/api-docs/
2023-08-03 19:16:33 info: =================================
2023-08-03 19:16:33 info: ======= ENV: development =======
2023-08-03 19:16:33 info: 🚀 App listening on http://localhost:42041/api-docs/
2023-08-03 19:17:55 error: [POST] /signup >> StatusCode:: 500, Message:: Operation `users.findOne()` buffering timed out after 10000ms, Error: **MongooseError: Operation `users.findOne()` buffering timed out after 10000ms** Error: **Operation `users.findOne()` buffering timed out after 10000ms**
2023-08-03 19:17:55 info: [0mPOST /signup [31m500[0m 10042.199 ms - 63[0m
2023-08-03 19:20:48 info: =================================
2023-08-03 19:20:48 info: ======= ENV: development =======
2023-08-03 19:20:48 info: 🚀 App listening on http://localhost:42041/api-docs/
2023-08-03 19:21:03 info: =================================
2023-08-03 19:21:03 info: ======= ENV: development =======
2023-08-03 19:21:03 info: 🚀 App listening on http://localhost:42041/api-docs/
2023-08-03 19:21:27 error: [POST] /signup >> StatusCode:: 500, Message:: Operation `users.findOne()` buffering timed out after 10000ms, Error: **MongooseError: Operation `users.findOne()` buffering timed out after 10000ms** Error: **Operation `users.findOne()` buffering timed out after 10000ms**
2023-08-03 19:21:27 info: [0mPOST /signup [31m500[0m 10056.916 ms - 63[0m
2023-08-03 19:21:52 info: [0mOPTIONS /login [32m204[0m 0.663 ms - 0[0m
2023-08-03 19:21:52 error: [POST] /login >> StatusCode:: 400, Message:: email must be an email, Error: **Error: email must be an email** Error: **email must be an email**
2023-08-03 19:21:52 info: [0mPOST /login [33m400[0m 6.527 ms - 24[0m
2023-08-03 19:22:22 info: [0mOPTIONS /signup [32m204[0m 0.151 ms - 0[0m
2023-08-03 19:22:28 info: [0mOPTIONS /signup [32m204[0m 0.184 ms - 0[0m
2023-08-03 19:22:32 error: [POST] /signup >> StatusCode:: 500, Message:: Operation `users.findOne()` buffering timed out after 10000ms, Error: **MongooseError: Operation `users.findOne()` buffering timed out after 10000ms** Error: **Operation `users.findOne()` buffering timed out after 10000ms**
2023-08-03 19:22:32 info: [0mPOST /signup [31m500[0m 10055.651 ms - 63[0m
2023-08-03 19:22:38 error: [POST] /signup >> StatusCode:: 500, Message:: Operation `users.findOne()` buffering timed out after 10000ms, Error: **MongooseError: Operation `users.findOne()` buffering timed out after 10000ms** Error: **Operation `users.findOne()` buffering timed out after 10000ms**
2023-08-03 19:22:38 info: [0mPOST /signup [31m500[0m 10005.595 ms - 63[0m
2023-08-03 19:29:27 info: =================================
2023-08-03 19:29:27 info: ======= ENV: development =======
2023-08-03 19:29:27 info: 🚀 App listening on http://localhost:42041/api-docs/
2023-08-03 19:31:12 info: =================================
2023-08-03 19:31:12 info: ======= ENV: development =======
2023-08-03 19:31:12 info: 🚀 App listening on http://localhost:42041/api-docs/
2023-08-03 19:32:02 info: =================================
2023-08-03 19:32:02 info: ======= ENV: development =======
2023-08-03 19:32:02 info: 🚀 App listening on http://localhost:42041/api-docs/
2023-08-03 19:32:37 error: [POST] /signup >> StatusCode:: 500, Message:: Operation `users.findOne()` buffering timed out after 10000ms, Error: **MongooseError: Operation `users.findOne()` buffering timed out after 10000ms** Error: **Operation `users.findOne()` buffering timed out after 10000ms**
2023-08-03 19:32:37 info: [0mPOST /signup [31m500[0m 10063.224 ms - 63[0m
2023-08-03 19:46:34 info: =================================
2023-08-03 19:46:34 info: ======= ENV: development =======
2023-08-03 19:46:34 info: 🚀 App listening on http://localhost:42041/api-docs/
2023-08-03 19:47:10 info: =================================
2023-08-03 19:47:10 info: ======= ENV: development =======
2023-08-03 19:47:10 info: 🚀 App listening on http://localhost:42041/api-docs/
2023-08-03 19:47:31 info: [0mPOST /signup [32m201[0m 210.858 ms - 144[0m
2023-08-03 19:48:01 info: [0mOPTIONS /login [32m204[0m 11.927 ms - 0[0m
2023-08-03 19:48:02 info: [0mPOST /login [32m200[0m 171.063 ms - 144[0m
2023-08-03 19:48:02 info: [0mOPTIONS /Game/all [32m204[0m 0.135 ms - 0[0m
2023-08-03 19:48:02 info: [0mPOST /Game/all [32m200[0m 10.992 ms - 2[0m
2023-08-03 19:48:15 info: [0mOPTIONS /Game [32m204[0m 0.437 ms - 0[0m
2023-08-03 19:48:16 info: [0mPOST /Game [32m201[0m 494.192 ms - -[0m
2023-08-03 19:50:34 info: [0mOPTIONS /Game [32m204[0m 0.200 ms - 0[0m
2023-08-03 19:50:35 info: [0mPUT /Game [32m200[0m 632.646 ms - 699[0m
2023-08-03 19:51:05 info: [0mGET /Card/all/64cc2eaf38d9597e734d5f96 [32m200[0m 36.026 ms - 2[0m
2023-08-03 19:51:05 info: [0mGET /Card/all/64cc2eaf38d9597e734d5f97 [32m200[0m 41.012 ms - 2[0m
2023-08-03 19:51:05 info: [0mGET /Card/all/64cc2eaf38d9597e734d5f98 [32m200[0m 52.924 ms - 2[0m
2023-08-03 19:51:08 info: [0mGET /Card/all/64cc2eaf38d9597e734d5f96 [36m304[0m 65.869 ms - -[0m
2023-08-03 19:51:08 info: [0mGET /Card/all/64cc2eaf38d9597e734d5f97 [36m304[0m 53.699 ms - -[0m
2023-08-03 19:51:08 info: [0mGET /Card/all/64cc2eaf38d9597e734d5f98 [36m304[0m 82.015 ms - -[0m
2023-08-03 20:06:30 info: [0mOPTIONS /signup [32m204[0m 6.902 ms - 0[0m
2023-08-03 20:06:31 info: [0mPOST /signup [32m201[0m 280.828 ms - 123[0m
2023-08-03 20:06:56 info: [0mOPTIONS /login [32m204[0m 0.159 ms - 0[0m
2023-08-03 20:06:56 info: [0mPOST /login [32m200[0m 228.856 ms - 145[0m
2023-08-03 20:06:57 info: [0mOPTIONS /Game/all [32m204[0m 0.791 ms - 0[0m
2023-08-03 20:06:57 info: [0mOPTIONS /Game/all [32m204[0m 0.178 ms - 0[0m
2023-08-03 20:06:57 info: [0mPOST /Game/all [32m200[0m 83.119 ms - 2[0m
2023-08-03 20:06:57 info: [0mPOST /Game/all [32m200[0m 115.078 ms - 2[0m
2023-08-03 20:15:01 info: [0mOPTIONS /Game/all [32m204[0m 0.171 ms - 0[0m
2023-08-03 20:15:01 info: [0mPOST /Game/all [32m200[0m 224.058 ms - 701[0m
2023-08-03 20:15:22 info: [0mOPTIONS /login [32m204[0m 1.100 ms - 0[0m
2023-08-03 20:15:22 info: [0mPOST /login [32m200[0m 193.982 ms - 145[0m
2023-08-03 20:15:22 info: [0mOPTIONS /Game/all [32m204[0m 0.169 ms - 0[0m
2023-08-03 20:15:22 info: [0mPOST /Game/all [32m200[0m 132.905 ms - 2[0m
2023-08-03 20:20:26 info: [0mOPTIONS /login [32m204[0m 0.152 ms - 0[0m
2023-08-03 20:20:26 info: [0mPOST /login [32m200[0m 136.441 ms - 145[0m
2023-08-03 20:20:26 info: [0mOPTIONS /Game/all [32m204[0m 0.170 ms - 0[0m
2023-08-03 20:20:26 info: [0mPOST /Game/all [32m200[0m 9.314 ms - 2[0m
2023-08-03 20:20:34 info: [0mOPTIONS /Game [32m204[0m 0.142 ms - 0[0m
2023-08-03 20:20:34 error: [POST] /Game >> StatusCode:: 400, Message:: MongoError: E11000 duplicate key error collection: test.games index: _id_ dup key: { _id: ObjectId('64cc2eaf38d9597e734d5f8a') }, Error: **Error: MongoError: E11000 duplicate key error collection: test.games index: _id_ dup key: { _id: ObjectId('64cc2eaf38d9597e734d5f8a') }** Error: **MongoError: E11000 duplicate key error collection: test.games index: _id_ dup key: { _id: ObjectId('64cc2eaf38d9597e734d5f8a') }**
2023-08-03 20:20:34 info: [0mPOST /Game [33m400[0m 159.068 ms - 130[0m
2023-08-03 20:20:43 info: [0mOPTIONS /Game [32m204[0m 0.183 ms - 0[0m
2023-08-03 20:20:43 error: [POST] /Game >> StatusCode:: 400, Message:: MongoError: E11000 duplicate key error collection: test.games index: _id_ dup key: { _id: ObjectId('64cc2eaf38d9597e734d5f8a') }, Error: **Error: MongoError: E11000 duplicate key error collection: test.games index: _id_ dup key: { _id: ObjectId('64cc2eaf38d9597e734d5f8a') }** Error: **MongoError: E11000 duplicate key error collection: test.games index: _id_ dup key: { _id: ObjectId('64cc2eaf38d9597e734d5f8a') }**
2023-08-03 20:20:43 info: [0mPOST /Game [33m400[0m 12.785 ms - 130[0m
2023-08-03 20:21:01 info: [0mOPTIONS /Game [32m204[0m 0.148 ms - 0[0m
2023-08-03 20:21:01 error: [POST] /Game >> StatusCode:: 400, Message:: MongoError: E11000 duplicate key error collection: test.games index: _id_ dup key: { _id: ObjectId('64cc2eaf38d9597e734d5f8a') }, Error: **Error: MongoError: E11000 duplicate key error collection: test.games index: _id_ dup key: { _id: ObjectId('64cc2eaf38d9597e734d5f8a') }** Error: **MongoError: E11000 duplicate key error collection: test.games index: _id_ dup key: { _id: ObjectId('64cc2eaf38d9597e734d5f8a') }**
2023-08-03 20:21:01 info: [0mPOST /Game [33m400[0m 19.860 ms - 130[0m
2023-08-03 20:21:11 info: [0mOPTIONS /Game [32m204[0m 0.124 ms - 0[0m
2023-08-03 20:21:11 error: [POST] /Game >> StatusCode:: 400, Message:: MongoError: E11000 duplicate key error collection: test.games index: _id_ dup key: { _id: ObjectId('64cc2eaf38d9597e734d5f8a') }, Error: **Error: MongoError: E11000 duplicate key error collection: test.games index: _id_ dup key: { _id: ObjectId('64cc2eaf38d9597e734d5f8a') }** Error: **MongoError: E11000 duplicate key error collection: test.games index: _id_ dup key: { _id: ObjectId('64cc2eaf38d9597e734d5f8a') }**
2023-08-03 20:21:11 info: [0mPOST /Game [33m400[0m 26.642 ms - 130[0m
2023-08-03 20:24:48 info: [0mOPTIONS /signup [32m204[0m 0.173 ms - 0[0m
2023-08-03 20:24:48 info: [0mPOST /signup [32m201[0m 193.645 ms - 125[0m
2023-08-03 20:25:03 info: [0mOPTIONS /login [32m204[0m 0.168 ms - 0[0m
2023-08-03 20:25:03 info: [0mPOST /login [32m200[0m 163.569 ms - 147[0m
2023-08-03 20:25:03 info: [0mOPTIONS /Game/all [32m204[0m 0.792 ms - 0[0m
2023-08-03 20:25:03 info: [0mOPTIONS /Game/all [32m204[0m 0.408 ms - 0[0m
2023-08-03 20:25:03 info: [0mPOST /Game/all [32m200[0m 13.790 ms - 2[0m
2023-08-03 20:25:03 info: [0mPOST /Game/all [32m200[0m 13.534 ms - 2[0m
2023-08-03 20:25:11 info: [0mOPTIONS /Game [32m204[0m 0.141 ms - 0[0m
2023-08-03 20:25:11 error: [POST] /Game >> StatusCode:: 400, Message:: MongoError: E11000 duplicate key error collection: test.games index: _id_ dup key: { _id: ObjectId('64cc2eaf38d9597e734d5f8a') }, Error: **Error: MongoError: E11000 duplicate key error collection: test.games index: _id_ dup key: { _id: ObjectId('64cc2eaf38d9597e734d5f8a') }** Error: **MongoError: E11000 duplicate key error collection: test.games index: _id_ dup key: { _id: ObjectId('64cc2eaf38d9597e734d5f8a') }**
2023-08-03 20:25:11 info: [0mPOST /Game [33m400[0m 43.352 ms - 130[0m
2023-08-03 20:25:30 info: [0mOPTIONS /login [32m204[0m 0.136 ms - 0[0m
2023-08-03 20:25:31 info: [0mPOST /login [32m200[0m 99.502 ms - 145[0m
2023-08-03 20:25:31 info: [0mOPTIONS /Game/all [32m204[0m 0.167 ms - 0[0m
2023-08-03 20:25:31 info: [0mPOST /Game/all [32m200[0m 30.940 ms - 2[0m
2023-08-03 20:25:40 info: [0mOPTIONS /Game [32m204[0m 0.464 ms - 0[0m
2023-08-03 20:25:40 error: [POST] /Game >> StatusCode:: 400, Message:: MongoError: E11000 duplicate key error collection: test.games index: _id_ dup key: { _id: ObjectId('64cc2eaf38d9597e734d5f8a') }, Error: **Error: MongoError: E11000 duplicate key error collection: test.games index: _id_ dup key: { _id: ObjectId('64cc2eaf38d9597e734d5f8a') }** Error: **MongoError: E11000 duplicate key error collection: test.games index: _id_ dup key: { _id: ObjectId('64cc2eaf38d9597e734d5f8a') }**
2023-08-03 20:25:40 info: [0mPOST /Game [33m400[0m 44.111 ms - 130[0m
2023-08-03 20:26:47 info: [0mOPTIONS /login [32m204[0m 0.129 ms - 0[0m
2023-08-03 20:26:47 info: [0mPOST /login [32m200[0m 111.173 ms - 145[0m
2023-08-03 20:26:47 info: [0mOPTIONS /Game/all [32m204[0m 0.133 ms - 0[0m
2023-08-03 20:26:47 info: [0mOPTIONS /Game/all [32m204[0m 0.141 ms - 0[0m
2023-08-03 20:26:47 info: [0mPOST /Game/all [32m200[0m 16.111 ms - 2[0m
2023-08-03 20:26:47 info: [0mPOST /Game/all [32m200[0m 43.087 ms - 2[0m
2023-08-03 20:27:01 info: [0mOPTIONS /Game [32m204[0m 0.137 ms - 0[0m
2023-08-03 20:27:01 error: [POST] /Game >> StatusCode:: 400, Message:: MongoError: E11000 duplicate key error collection: test.games index: _id_ dup key: { _id: ObjectId('64cc2eaf38d9597e734d5f8a') }, Error: **Error: MongoError: E11000 duplicate key error collection: test.games index: _id_ dup key: { _id: ObjectId('64cc2eaf38d9597e734d5f8a') }** Error: **MongoError: E11000 duplicate key error collection: test.games index: _id_ dup key: { _id: ObjectId('64cc2eaf38d9597e734d5f8a') }**
2023-08-03 20:27:01 info: [0mPOST /Game [33m400[0m 94.170 ms - 130[0m
2023-08-03 20:30:10 info: [0mOPTIONS /login [32m204[0m 1.184 ms - 0[0m
2023-08-03 20:30:10 error: [POST] /login >> StatusCode:: 409, Message:: Email jaciana@alu.ufc.br not found, Error: **Error: Email jaciana@alu.ufc.br not found** Error: **Email jaciana@alu.ufc.br not found**
2023-08-03 20:30:10 info: [0mPOST /login [33m409[0m 9.954 ms - 36[0m
2023-08-03 20:30:19 info: [0mOPTIONS /signup [32m204[0m 0.149 ms - 0[0m
2023-08-03 20:30:19 info: [0mPOST /signup [32m201[0m 268.394 ms - 123[0m
2023-08-03 20:30:26 info: [0mOPTIONS /login [32m204[0m 0.131 ms - 0[0m
2023-08-03 20:30:26 info: [0mPOST /login [32m200[0m 115.369 ms - 145[0m
2023-08-03 20:30:26 info: [0mOPTIONS /Game/all [32m204[0m 0.188 ms - 0[0m
2023-08-03 20:30:26 info: [0mOPTIONS /Game/all [32m204[0m 1.243 ms - 0[0m
2023-08-03 20:30:26 info: [0mOPTIONS /Game/all [32m204[0m 0.116 ms - 0[0m
2023-08-03 20:30:26 info: [0mPOST /Game/all [32m200[0m 25.854 ms - 2[0m
2023-08-03 20:30:26 info: [0mPOST /Game/all [32m200[0m 30.626 ms - 2[0m
2023-08-03 20:30:27 info: [0mPOST /Game/all [32m200[0m 110.672 ms - 2[0m
2023-08-03 20:30:33 info: [0mOPTIONS /Game [32m204[0m 1.133 ms - 0[0m
2023-08-03 20:30:34 info: [0mPOST /Game [32m201[0m 708.003 ms - -[0m
2023-08-03 20:30:43 info: [0mOPTIONS /Game [32m204[0m 0.127 ms - 0[0m
2023-08-03 20:30:43 info: [0mPUT /Game [32m200[0m 537.012 ms - 699[0m
2023-08-03 20:31:30 info: [0mOPTIONS /Deck [32m204[0m 0.153 ms - 0[0m
2023-08-03 20:31:30 info: [0mPUT /Deck [32m200[0m 177.457 ms - 505[0m
2023-08-03 20:31:36 info: [0mOPTIONS /Deck [32m204[0m 0.135 ms - 0[0m
2023-08-03 20:31:36 info: [0mPUT /Deck [32m200[0m 15.291 ms - 505[0m
2023-08-03 20:31:38 info: [0mGET /Card/all/64cc389938d9597e734d602b [32m200[0m 27.070 ms - 2[0m
2023-08-03 20:31:38 info: [0mGET /Card/all/64cc389938d9597e734d602c [32m200[0m 31.152 ms - 2[0m
2023-08-03 20:31:38 info: [0mGET /Card/all/64cc389938d9597e734d602d [32m200[0m 63.955 ms - 2[0m
2023-08-03 20:32:09 info: [0mOPTIONS /Card [32m204[0m 0.118 ms - 0[0m
2023-08-03 20:32:09 info: [0mPOST /Card [32m201[0m 316.751 ms - 358[0m
2023-08-03 20:33:32 info: [0mOPTIONS /Game/all [32m204[0m 15.789 ms - 0[0m
2023-08-03 20:33:32 info: [0mPOST /Game/all [32m200[0m 7.829 ms - 701[0m
2023-08-03 20:33:42 info: [0mOPTIONS /Game [32m204[0m 0.174 ms - 0[0m
2023-08-03 20:33:42 error: [POST] /Game >> StatusCode:: 400, Message:: MongoError: E11000 duplicate key error collection: test.games index: _id_ dup key: { _id: ObjectId('64cc2eaf38d9597e734d5f8a') }, Error: **Error: MongoError: E11000 duplicate key error collection: test.games index: _id_ dup key: { _id: ObjectId('64cc2eaf38d9597e734d5f8a') }** Error: **MongoError: E11000 duplicate key error collection: test.games index: _id_ dup key: { _id: ObjectId('64cc2eaf38d9597e734d5f8a') }**
2023-08-03 20:33:42 info: [0mPOST /Game [33m400[0m 224.572 ms - 130[0m
2023-08-03 20:33:53 info: [0mOPTIONS /Game/find [32m204[0m 0.186 ms - 0[0m
2023-08-03 20:33:53 info: [0mPOST /Game/find [32m200[0m 184.847 ms - -[0m
2023-08-03 20:33:54 info: [0mGET /Card/all/64cc389938d9597e734d602b [32m200[0m 39.285 ms - 360[0m
2023-08-03 20:33:54 info: [0mGET /Card/all/64cc389938d9597e734d602c [36m304[0m 35.081 ms - -[0m
2023-08-03 20:33:54 info: [0mGET /Card/all/64cc389938d9597e734d602d [36m304[0m 64.628 ms - -[0m
2023-08-03 20:33:54 info: [0mGET /Card/all/64cc389938d9597e734d602b [36m304[0m 53.963 ms - -[0m
2023-08-03 20:33:54 info: [0mGET /Card/all/64cc389938d9597e734d602c [36m304[0m 43.678 ms - -[0m
2023-08-03 20:33:54 info: [0mGET /Card/all/64cc389938d9597e734d602d [36m304[0m 34.987 ms - -[0m
2023-08-03 20:34:11 info: [0mOPTIONS /Game/all [32m204[0m 0.184 ms - 0[0m
2023-08-03 20:34:11 info: [0mPOST /Game/all [32m200[0m 224.103 ms - 701[0m
2023-08-03 20:34:22 info: [0mOPTIONS /Game/find [32m204[0m 0.132 ms - 0[0m
2023-08-03 20:34:22 info: [0mPOST /Game/find [32m200[0m 53.341 ms - -[0m
2023-08-03 20:34:22 info: [0mGET /Card/all/64cc389938d9597e734d602b [36m304[0m 85.562 ms - -[0m
2023-08-03 20:34:22 info: [0mGET /Card/all/64cc389938d9597e734d602c [36m304[0m 79.203 ms - -[0m
2023-08-03 20:34:22 info: [0mGET /Card/all/64cc389938d9597e734d602d [36m304[0m 102.415 ms - -[0m
2023-08-03 20:34:22 info: [0mGET /Card/all/64cc389938d9597e734d602c [36m304[0m 40.214 ms - -[0m
2023-08-03 20:34:22 info: [0mGET /Card/all/64cc389938d9597e734d602b [36m304[0m 69.664 ms - -[0m
2023-08-03 20:34:22 info: [0mGET /Card/all/64cc389938d9597e734d602d [36m304[0m 42.861 ms - -[0m
2023-08-03 20:34:25 info: [0mOPTIONS /Game [32m204[0m 6.195 ms - 0[0m
2023-08-03 20:34:25 info: [0mPUT /Game [32m200[0m 382.501 ms - 700[0m
2023-08-03 20:35:06 info: [0mOPTIONS /signup [32m204[0m 0.166 ms - 0[0m
2023-08-03 20:35:06 info: [0mPOST /signup [32m201[0m 280.608 ms - 122[0m
2023-08-03 20:35:13 info: [0mOPTIONS /login [32m204[0m 0.143 ms - 0[0m
2023-08-03 20:35:13 info: [0mPOST /login [32m200[0m 107.354 ms - 144[0m
2023-08-03 20:35:13 info: [0mOPTIONS /Game/all [32m204[0m 3.149 ms - 0[0m
2023-08-03 20:35:13 info: [0mOPTIONS /Game/all [32m204[0m 0.627 ms - 0[0m
2023-08-03 20:35:13 info: [0mPOST /Game/all [32m200[0m 67.853 ms - 2[0m
2023-08-03 20:35:13 info: [0mPOST /Game/all [32m200[0m 24.031 ms - 2[0m
2023-08-03 20:35:19 info: [0mOPTIONS /Game [32m204[0m 0.199 ms - 0[0m
2023-08-03 20:35:19 error: [POST] /Game >> StatusCode:: 400, Message:: MongoError: E11000 duplicate key error collection: test.games index: _id_ dup key: { _id: ObjectId('64cc2eaf38d9597e734d5f8a') }, Error: **Error: MongoError: E11000 duplicate key error collection: test.games index: _id_ dup key: { _id: ObjectId('64cc2eaf38d9597e734d5f8a') }** Error: **MongoError: E11000 duplicate key error collection: test.games index: _id_ dup key: { _id: ObjectId('64cc2eaf38d9597e734d5f8a') }**
2023-08-03 20:35:19 info: [0mPOST /Game [33m400[0m 13.045 ms - 130[0m
2023-08-03 20:35:33 info: [0mOPTIONS /Game [32m204[0m 0.126 ms - 0[0m
2023-08-03 20:35:33 error: [POST] /Game >> StatusCode:: 400, Message:: MongoError: E11000 duplicate key error collection: test.games index: _id_ dup key: { _id: ObjectId('64cc2eaf38d9597e734d5f8a') }, Error: **Error: MongoError: E11000 duplicate key error collection: test.games index: _id_ dup key: { _id: ObjectId('64cc2eaf38d9597e734d5f8a') }** Error: **MongoError: E11000 duplicate key error collection: test.games index: _id_ dup key: { _id: ObjectId('64cc2eaf38d9597e734d5f8a') }**
2023-08-03 20:35:33 info: [0mPOST /Game [33m400[0m 16.301 ms - 130[0m
2023-08-03 20:35:47 info: [0mOPTIONS /Game [32m204[0m 0.123 ms - 0[0m
2023-08-03 20:35:47 error: [POST] /Game >> StatusCode:: 400, Message:: MongoError: E11000 duplicate key error collection: test.games index: _id_ dup key: { _id: ObjectId('64cc2eaf38d9597e734d5f8a') }, Error: **Error: MongoError: E11000 duplicate key error collection: test.games index: _id_ dup key: { _id: ObjectId('64cc2eaf38d9597e734d5f8a') }** Error: **MongoError: E11000 duplicate key error collection: test.games index: _id_ dup key: { _id: ObjectId('64cc2eaf38d9597e734d5f8a') }**
2023-08-03 20:35:47 info: [0mPOST /Game [33m400[0m 9.846 ms - 130[0m
2023-08-03 20:40:07 info: [0mOPTIONS /login [32m204[0m 2.666 ms - 0[0m
2023-08-03 20:40:07 info: [0mPOST /login [32m200[0m 194.367 ms - 145[0m
2023-08-03 20:40:07 info: [0mOPTIONS /Game/all [32m204[0m 0.182 ms - 0[0m
2023-08-03 20:40:08 info: [0mPOST /Game/all [32m200[0m 325.857 ms - 702[0m
2023-08-03 20:41:20 info: =================================
2023-08-03 20:41:20 info: ======= ENV: development =======
2023-08-03 20:41:20 info: 🚀 App listening on http://localhost:42041/api-docs/
2023-08-03 20:41:51 info: [0mOPTIONS /login [32m204[0m 13.784 ms - 0[0m
2023-08-03 20:41:51 info: [0mPOST /login [32m200[0m 214.152 ms - 145[0m
2023-08-03 20:41:51 info: [0mOPTIONS /Game/all [32m204[0m 0.313 ms - 0[0m
2023-08-03 20:41:51 info: [0mOPTIONS /Game/all [32m204[0m 0.155 ms - 0[0m
2023-08-03 20:41:51 info: [0mPOST /Game/all [32m200[0m 70.240 ms - 702[0m
2023-08-03 20:41:51 info: [0mPOST /Game/all [32m200[0m 121.908 ms - 702[0m
2023-08-03 20:42:07 info: [0mOPTIONS /Game [32m204[0m 0.144 ms - 0[0m
2023-08-03 20:42:08 info: [0mPOST /Game [32m201[0m 868.015 ms - -[0m
2023-08-03 20:42:20 info: [0mOPTIONS /Game/all [32m204[0m 1.473 ms - 0[0m
2023-08-03 20:42:20 info: [0mPOST /Game/all [32m200[0m 53.932 ms - -[0m
2023-08-03 20:43:13 info: [0mOPTIONS /login [32m204[0m 0.186 ms - 0[0m
2023-08-03 20:43:13 error: [POST] /login >> StatusCode:: 409, Message:: Password not match, Error: **Error: Password not match** Error: **Password not match**
2023-08-03 20:43:13 info: [0mPOST /login [33m409[0m 185.145 ms - 20[0m
2023-08-03 20:43:20 info: [0mOPTIONS /login [32m204[0m 0.187 ms - 0[0m
2023-08-03 20:43:20 info: [0mPOST /login [32m200[0m 178.122 ms - 144[0m
2023-08-03 20:43:20 info: [0mOPTIONS /Game/all [32m204[0m 0.195 ms - 0[0m
2023-08-03 20:43:20 info: [0mPOST /Game/all [32m200[0m 28.781 ms - 2[0m
2023-08-03 20:43:30 info: [0mOPTIONS /Game [32m204[0m 0.162 ms - 0[0m
2023-08-03 20:43:30 error: [POST] /Game >> StatusCode:: 400, Message:: MongoError: E11000 duplicate key error collection: test.games index: _id_ dup key: { _id: ObjectId('64cc3b4f0692e380a5e613e5') }, Error: **Error: MongoError: E11000 duplicate key error collection: test.games index: _id_ dup key: { _id: ObjectId('64cc3b4f0692e380a5e613e5') }** Error: **MongoError: E11000 duplicate key error collection: test.games index: _id_ dup key: { _id: ObjectId('64cc3b4f0692e380a5e613e5') }**
2023-08-03 20:43:30 info: [0mPOST /Game [33m400[0m 67.296 ms - 130[0m
2023-08-03 20:44:03 info: [0mOPTIONS /Game [32m204[0m 0.141 ms - 0[0m
2023-08-03 20:44:03 error: [POST] /Game >> StatusCode:: 400, Message:: MongoError: E11000 duplicate key error collection: test.games index: _id_ dup key: { _id: ObjectId('64cc3b4f0692e380a5e613e5') }, Error: **Error: MongoError: E11000 duplicate key error collection: test.games index: _id_ dup key: { _id: ObjectId('64cc3b4f0692e380a5e613e5') }** Error: **MongoError: E11000 duplicate key error collection: test.games index: _id_ dup key: { _id: ObjectId('64cc3b4f0692e380a5e613e5') }**
2023-08-03 20:44:03 info: [0mPOST /Game [33m400[0m 45.574 ms - 130[0m
2023-08-03 20:44:14 info: [0mOPTIONS /login [32m204[0m 0.250 ms - 0[0m
2023-08-03 20:44:14 info: [0mPOST /login [32m200[0m 154.148 ms - 145[0m
2023-08-03 20:44:14 info: [0mOPTIONS /Game/all [32m204[0m 0.152 ms - 0[0m
2023-08-03 20:44:14 info: [0mOPTIONS /Game/all [32m204[0m 0.194 ms - 0[0m
2023-08-03 20:44:14 info: [0mPOST /Game/all [32m200[0m 77.491 ms - -[0m
2023-08-03 20:44:14 info: [0mPOST /Game/all [32m200[0m 100.560 ms - -[0m
2023-08-03 20:44:21 info: [0mOPTIONS /Game [32m204[0m 2.950 ms - 0[0m
2023-08-03 20:44:21 error: [POST] /Game >> StatusCode:: 400, Message:: MongoError: E11000 duplicate key error collection: test.games index: _id_ dup key: { _id: ObjectId('64cc3b4f0692e380a5e613e5') }, Error: **Error: MongoError: E11000 duplicate key error collection: test.games index: _id_ dup key: { _id: ObjectId('64cc3b4f0692e380a5e613e5') }** Error: **MongoError: E11000 duplicate key error collection: test.games index: _id_ dup key: { _id: ObjectId('64cc3b4f0692e380a5e613e5') }**
2023-08-03 20:44:21 info: [0mPOST /Game [33m400[0m 113.989 ms - 130[0m
2023-08-03 20:45:20 info: [0mOPTIONS /login [32m204[0m 0.422 ms - 0[0m
2023-08-03 20:45:20 info: [0mPOST /login [32m200[0m 153.762 ms - 145[0m
2023-08-03 20:45:20 info: [0mOPTIONS /Game/all [32m204[0m 0.159 ms - 0[0m
2023-08-03 20:45:21 info: [0mPOST /Game/all [32m200[0m 103.058 ms - -[0m
2023-08-03 20:45:21 info: [0mPOST /Game/all [32m200[0m 124.726 ms - -[0m
2023-08-03 20:47:16 info: [0mOPTIONS /login [32m204[0m 0.133 ms - 0[0m
2023-08-03 20:47:16 error: [POST] /login >> StatusCode:: 409, Message:: Email jaciana@alu.ufc.br not found, Error: **Error: Email jaciana@alu.ufc.br not found** Error: **Email jaciana@alu.ufc.br not found**
2023-08-03 20:47:16 info: [0mPOST /login [33m409[0m 66.636 ms - 36[0m
2023-08-03 20:47:20 info: [0mOPTIONS /signup [32m204[0m 0.147 ms - 0[0m
2023-08-03 20:47:21 info: [0mPOST /signup [32m201[0m 401.979 ms - 123[0m
2023-08-03 20:47:24 info: [0mOPTIONS /login [32m204[0m 0.142 ms - 0[0m
2023-08-03 20:47:24 info: [0mPOST /login [32m200[0m 140.951 ms - 145[0m
2023-08-03 20:47:24 info: [0mOPTIONS /Game/all [32m204[0m 0.142 ms - 0[0m
2023-08-03 20:47:24 info: [0mOPTIONS /Game/all [32m204[0m 0.305 ms - 0[0m
2023-08-03 20:47:24 info: [0mPOST /Game/all [32m200[0m 58.808 ms - 2[0m
2023-08-03 20:47:24 info: [0mPOST /Game/all [32m200[0m 70.016 ms - 2[0m
2023-08-03 20:47:24 info: [0mPOST /Game/all [32m200[0m 49.862 ms - 2[0m
2023-08-03 20:47:49 info: [0mOPTIONS /Game [32m204[0m 0.148 ms - 0[0m
2023-08-03 20:47:50 info: [0mPOST /Game [32m201[0m 650.035 ms - -[0m
2023-08-03 20:47:52 info: [0mPUT /Game [32m200[0m 244.960 ms - 692[0m
2023-08-03 20:47:55 info: [0mOPTIONS /Game/all [32m204[0m 0.135 ms - 0[0m
2023-08-03 20:47:55 info: [0mPOST /Game/all [32m200[0m 58.639 ms - 694[0m
2023-08-03 20:52:30 info: [0mOPTIONS /login [32m204[0m 2.242 ms - 0[0m
2023-08-03 20:52:30 info: [0mPOST /login [32m200[0m 120.273 ms - 145[0m
2023-08-03 20:52:30 info: [0mOPTIONS /Game/all [32m204[0m 0.195 ms - 0[0m
2023-08-03 20:52:30 info: [0mOPTIONS /Game/all [32m204[0m 0.191 ms - 0[0m
2023-08-03 20:52:30 info: [0mPOST /Game/all [32m200[0m 143.724 ms - 694[0m
2023-08-03 20:52:31 info: [0mPOST /Game/all [32m200[0m 113.983 ms - 694[0m
2023-08-03 20:52:36 info: [0mOPTIONS /Game [32m204[0m 0.447 ms - 0[0m
2023-08-03 20:52:37 error: [POST] /Game >> StatusCode:: 400, Message:: MongoError: E11000 duplicate key error collection: test.games index: _id_ dup key: { _id: ObjectId('64cc3b4f0692e380a5e613e5') }, Error: **Error: MongoError: E11000 duplicate key error collection: test.games index: _id_ dup key: { _id: ObjectId('64cc3b4f0692e380a5e613e5') }** Error: **MongoError: E11000 duplicate key error collection: test.games index: _id_ dup key: { _id: ObjectId('64cc3b4f0692e380a5e613e5') }**
2023-08-03 20:52:37 info: [0mPOST /Game [33m400[0m 193.775 ms - 130[0m
2023-08-03 20:56:15 info: [0mOPTIONS /signup [32m204[0m 0.965 ms - 0[0m
2023-08-03 20:56:15 info: [0mPOST /signup [32m201[0m 276.201 ms - 122[0m
2023-08-03 20:56:26 info: [0mOPTIONS /login [32m204[0m 0.479 ms - 0[0m
2023-08-03 20:56:27 info: [0mPOST /login [32m200[0m 257.188 ms - 144[0m
2023-08-03 20:56:27 info: [0mOPTIONS /Game/all [32m204[0m 0.143 ms - 0[0m
2023-08-03 20:56:27 info: [0mOPTIONS /Game/all [32m204[0m 0.159 ms - 0[0m
2023-08-03 20:56:27 info: [0mPOST /Game/all [32m200[0m 215.634 ms - 2[0m
2023-08-03 20:56:27 info: [0mPOST /Game/all [32m200[0m 229.070 ms - 2[0m
2023-08-03 20:56:32 info: [0mOPTIONS /Game [32m204[0m 0.142 ms - 0[0m
2023-08-03 20:56:32 error: [POST] /Game >> StatusCode:: 400, Message:: MongoError: E11000 duplicate key error collection: test.games index: _id_ dup key: { _id: ObjectId('64cc3b4f0692e380a5e613e5') }, Error: **Error: MongoError: E11000 duplicate key error collection: test.games index: _id_ dup key: { _id: ObjectId('64cc3b4f0692e380a5e613e5') }** Error: **MongoError: E11000 duplicate key error collection: test.games index: _id_ dup key: { _id: ObjectId('64cc3b4f0692e380a5e613e5') }**
2023-08-03 20:56:32 info: [0mPOST /Game [33m400[0m 220.393 ms - 130[0m
2023-08-03 20:56:56 info: [0mOPTIONS /signup [32m204[0m 0.140 ms - 0[0m
2023-08-03 20:56:57 info: [0mPOST /signup [32m201[0m 375.955 ms - 123[0m
2023-08-03 20:57:00 info: [0mOPTIONS /login [32m204[0m 0.135 ms - 0[0m
2023-08-03 20:57:01 info: [0mPOST /login [32m200[0m 186.825 ms - 145[0m
2023-08-03 20:57:01 info: [0mOPTIONS /Game/all [32m204[0m 0.151 ms - 0[0m
2023-08-03 20:57:01 info: [0mPOST /Game/all [32m200[0m 25.160 ms - 2[0m
2023-08-03 20:57:01 info: [0mPOST /Game/all [32m200[0m 151.858 ms - 2[0m
2023-08-03 20:57:06 info: [0mOPTIONS /Game [32m204[0m 0.208 ms - 0[0m
2023-08-03 20:57:07 info: [0mPOST /Game [32m201[0m 876.312 ms - -[0m
2023-08-03 20:57:10 info: [0mPUT /Game [32m200[0m 390.181 ms - 691[0m
2023-08-03 20:57:27 info: [0mOPTIONS /Game/all [32m204[0m 79.507 ms - 0[0m
2023-08-03 20:57:27 info: [0mPOST /Game/all [32m200[0m 92.129 ms - 693[0m
2023-08-03 20:57:44 info: [0mOPTIONS /login [32m204[0m 0.133 ms - 0[0m
2023-08-03 20:57:44 error: [POST] /login >> StatusCode:: 409, Message:: Email sofia@email.com not found, Error: **Error: Email sofia@email.com not found** Error: **Email sofia@email.com not found**
2023-08-03 20:57:44 info: [0mPOST /login [33m409[0m 83.067 ms - 33[0m
2023-08-03 20:58:01 info: [0mOPTIONS /signup [32m204[0m 0.138 ms - 0[0m
2023-08-03 20:58:01 info: [0mPOST /signup [32m201[0m 210.733 ms - 120[0m
2023-08-03 20:58:11 info: [0mOPTIONS /login [32m204[0m 0.134 ms - 0[0m
2023-08-03 20:58:11 info: [0mPOST /login [32m200[0m 223.177 ms - 142[0m
2023-08-03 20:58:11 info: [0mOPTIONS /Game/all [32m204[0m 0.480 ms - 0[0m
2023-08-03 20:58:11 info: [0mPOST /Game/all [32m200[0m 139.707 ms - 2[0m
2023-08-03 20:58:11 info: [0mPOST /Game/all [32m200[0m 30.268 ms - 2[0m
2023-08-03 20:58:18 info: [0mOPTIONS /Game [32m204[0m 0.129 ms - 0[0m
2023-08-03 20:58:18 error: [POST] /Game >> StatusCode:: 400, Message:: MongoError: E11000 duplicate key error collection: test.games index: _id_ dup key: { _id: ObjectId('64cc3b4f0692e380a5e613e5') }, Error: **Error: MongoError: E11000 duplicate key error collection: test.games index: _id_ dup key: { _id: ObjectId('64cc3b4f0692e380a5e613e5') }** Error: **MongoError: E11000 duplicate key error collection: test.games index: _id_ dup key: { _id: ObjectId('64cc3b4f0692e380a5e613e5') }**
2023-08-03 20:58:18 info: [0mPOST /Game [33m400[0m 93.436 ms - 130[0m
2023-08-03 21:03:04 info: [0mOPTIONS /login [32m204[0m 0.150 ms - 0[0m
2023-08-03 21:03:04 info: [0mPOST /login [32m200[0m 132.500 ms - 145[0m
2023-08-03 21:03:04 info: [0mOPTIONS /Game/all [32m204[0m 0.164 ms - 0[0m
2023-08-03 21:03:04 info: [0mPOST /Game/all [32m200[0m 108.516 ms - -[0m
2023-08-03 21:03:04 info: [0mPOST /Game/all [32m200[0m 65.391 ms - -[0m
2023-08-03 21:14:44 info: [0mOPTIONS /login [32m204[0m 6.404 ms - 0[0m
2023-08-03 21:14:44 error: [POST] /login >> StatusCode:: 409, Message:: Email jaciana@email.com not found, Error: **Error: Email jaciana@email.com not found** Error: **Email jaciana@email.com not found**
2023-08-03 21:14:44 info: [0mPOST /login [33m409[0m 28.254 ms - 35[0m
2023-08-03 21:14:52 info: [0mOPTIONS /signup [32m204[0m 0.966 ms - 0[0m
2023-08-03 21:14:52 info: [0mPOST /signup [32m201[0m 284.640 ms - 122[0m
2023-08-03 21:15:03 info: [0mOPTIONS /login [32m204[0m 4.613 ms - 0[0m
2023-08-03 21:15:03 info: [0mPOST /login [32m200[0m 147.509 ms - 144[0m
2023-08-03 21:15:03 info: [0mOPTIONS /Game/all [32m204[0m 0.134 ms - 0[0m
2023-08-03 21:15:04 info: [0mOPTIONS /Game/all [32m204[0m 0.187 ms - 0[0m
2023-08-03 21:15:04 info: [0mPOST /Game/all [32m200[0m 149.120 ms - 2[0m
2023-08-03 21:15:04 info: [0mPOST /Game/all [32m200[0m 54.301 ms - 2[0m
2023-08-03 21:15:04 info: [0mPOST /Game/all [32m200[0m 131.623 ms - 2[0m
2023-08-03 21:16:04 info: [0mOPTIONS /Game [32m204[0m 0.135 ms - 0[0m
2023-08-03 21:16:05 info: [0mPOST /Game [32m201[0m 945.417 ms - -[0m
2023-08-03 21:16:07 info: [0mPUT /Game [32m200[0m 156.315 ms - 691[0m
2023-08-03 21:16:09 info: [0mOPTIONS /Game/all [32m204[0m 1.040 ms - 0[0m
2023-08-03 21:16:09 info: [0mPOST /Game/all [32m200[0m 52.469 ms - 693[0m
2023-08-03 21:23:42 info: [0mOPTIONS /Game [32m204[0m 0.143 ms - 0[0m
2023-08-03 21:23:42 error: [POST] /Game >> StatusCode:: 400, Message:: MongoError: E11000 duplicate key error collection: test.games index: _id_ dup key: { _id: ObjectId('64cc3b4f0692e380a5e613e5') }, Error: **Error: MongoError: E11000 duplicate key error collection: test.games index: _id_ dup key: { _id: ObjectId('64cc3b4f0692e380a5e613e5') }** Error: **MongoError: E11000 duplicate key error collection: test.games index: _id_ dup key: { _id: ObjectId('64cc3b4f0692e380a5e613e5') }**
2023-08-03 21:23:42 info: [0mPOST /Game [33m400[0m 79.696 ms - 130[0m
2023-08-03 21:23:48 info: [0mOPTIONS /Game [32m204[0m 0.146 ms - 0[0m
2023-08-03 21:23:48 error: [POST] /Game >> StatusCode:: 400, Message:: MongoError: E11000 duplicate key error collection: test.games index: _id_ dup key: { _id: ObjectId('64cc3b4f0692e380a5e613e5') }, Error: **Error: MongoError: E11000 duplicate key error collection: test.games index: _id_ dup key: { _id: ObjectId('64cc3b4f0692e380a5e613e5') }** Error: **MongoError: E11000 duplicate key error collection: test.games index: _id_ dup key: { _id: ObjectId('64cc3b4f0692e380a5e613e5') }**
2023-08-03 21:23:48 info: [0mPOST /Game [33m400[0m 68.318 ms - 130[0m
2023-08-03 21:24:07 info: [0mOPTIONS /Game [32m204[0m 0.144 ms - 0[0m
2023-08-03 21:24:07 error: [POST] /Game >> StatusCode:: 400, Message:: MongoError: E11000 duplicate key error collection: test.games index: _id_ dup key: { _id: ObjectId('64cc3b4f0692e380a5e613e5') }, Error: **Error: MongoError: E11000 duplicate key error collection: test.games index: _id_ dup key: { _id: ObjectId('64cc3b4f0692e380a5e613e5') }** Error: **MongoError: E11000 duplicate key error collection: test.games index: _id_ dup key: { _id: ObjectId('64cc3b4f0692e380a5e613e5') }**
2023-08-03 21:24:07 info: [0mPOST /Game [33m400[0m 33.835 ms - 130[0m
2023-08-03 21:24:48 info: [0mOPTIONS /Game [32m204[0m 0.216 ms - 0[0m
2023-08-03 21:24:48 error: [POST] /Game >> StatusCode:: 400, Message:: MongoError: E11000 duplicate key error collection: test.games index: _id_ dup key: { _id: ObjectId('64cc3b4f0692e380a5e613e5') }, Error: **Error: MongoError: E11000 duplicate key error collection: test.games index: _id_ dup key: { _id: ObjectId('64cc3b4f0692e380a5e613e5') }** Error: **MongoError: E11000 duplicate key error collection: test.games index: _id_ dup key: { _id: ObjectId('64cc3b4f0692e380a5e613e5') }**
2023-08-03 21:24:48 info: [0mPOST /Game [33m400[0m 56.468 ms - 130[0m
2023-08-03 21:25:41 info: [0mOPTIONS /Game [32m204[0m 0.132 ms - 0[0m
2023-08-03 21:25:41 error: [POST] /Game >> StatusCode:: 400, Message:: MongoError: E11000 duplicate key error collection: test.games index: _id_ dup key: { _id: ObjectId('64cc3b4f0692e380a5e613e5') }, Error: **Error: MongoError: E11000 duplicate key error collection: test.games index: _id_ dup key: { _id: ObjectId('64cc3b4f0692e380a5e613e5') }** Error: **MongoError: E11000 duplicate key error collection: test.games index: _id_ dup key: { _id: ObjectId('64cc3b4f0692e380a5e613e5') }**
2023-08-03 21:25:41 info: [0mPOST /Game [33m400[0m 27.734 ms - 130[0m
2023-08-03 21:26:36 info: [0mOPTIONS /Game [32m204[0m 0.280 ms - 0[0m
2023-08-03 21:26:36 error: [POST] /Game >> StatusCode:: 400, Message:: MongoError: E11000 duplicate key error collection: test.games index: _id_ dup key: { _id: ObjectId('64cc3b4f0692e380a5e613e5') }, Error: **Error: MongoError: E11000 duplicate key error collection: test.games index: _id_ dup key: { _id: ObjectId('64cc3b4f0692e380a5e613e5') }** Error: **MongoError: E11000 duplicate key error collection: test.games index: _id_ dup key: { _id: ObjectId('64cc3b4f0692e380a5e613e5') }**
2023-08-03 21:26:36 info: [0mPOST /Game [33m400[0m 10.541 ms - 130[0m
2023-08-03 21:37:33 info: [0mOPTIONS /signup [32m204[0m 4.259 ms - 0[0m
2023-08-03 21:37:33 info: [0mPOST /signup [32m201[0m 406.590 ms - 122[0m
2023-08-03 21:37:41 info: [0mOPTIONS /login [32m204[0m 0.118 ms - 0[0m
2023-08-03 21:37:41 info: [0mPOST /login [32m200[0m 206.505 ms - 144[0m
2023-08-03 21:37:41 info: [0mOPTIONS /Game/all [32m204[0m 0.574 ms - 0[0m
2023-08-03 21:37:41 info: [0mOPTIONS /Game/all [32m204[0m 5.570 ms - 0[0m
2023-08-03 21:37:41 info: [0mOPTIONS /Game/all [32m204[0m 0.154 ms - 0[0m
2023-08-03 21:37:41 info: [0mPOST /Game/all [32m200[0m 188.801 ms - 2[0m
2023-08-03 21:37:41 info: [0mPOST /Game/all [32m200[0m 169.742 ms - 2[0m
2023-08-03 21:37:41 info: [0mPOST /Game/all [32m200[0m 259.285 ms - 2[0m
2023-08-03 21:44:22 info: [0mOPTIONS /Game [32m204[0m 4.889 ms - 0[0m
2023-08-03 21:44:23 info: [0mPOST /Game [32m201[0m 1058.468 ms - -[0m
2023-08-03 21:44:28 info: [0mOPTIONS /Game/all [32m204[0m 0.155 ms - 0[0m
2023-08-03 21:44:29 info: [0mPOST /Game/all [32m200[0m 36.900 ms - 693[0m
2023-08-03 21:44:35 info: [0mOPTIONS /Game [32m204[0m 0.146 ms - 0[0m
2023-08-03 21:44:35 error: [POST] /Game >> StatusCode:: 400, Message:: MongoError: E11000 duplicate key error collection: test.games index: _id_ dup key: { _id: ObjectId('64cc3b4f0692e380a5e613e5') }, Error: **Error: MongoError: E11000 duplicate key error collection: test.games index: _id_ dup key: { _id: ObjectId('64cc3b4f0692e380a5e613e5') }** Error: **MongoError: E11000 duplicate key error collection: test.games index: _id_ dup key: { _id: ObjectId('64cc3b4f0692e380a5e613e5') }**
2023-08-03 21:44:35 info: [0mPOST /Game [33m400[0m 56.656 ms - 130[0m
2023-08-03 21:56:52 info: [0mOPTIONS /login [32m204[0m 1.896 ms - 0[0m
2023-08-03 21:56:52 info: [0mPOST /login [32m200[0m 155.027 ms - 144[0m
2023-08-03 21:56:52 info: [0mOPTIONS /Game/all [32m204[0m 0.144 ms - 0[0m
2023-08-03 21:56:52 info: [0mOPTIONS /Game/all [32m204[0m 0.133 ms - 0[0m
2023-08-03 21:56:52 info: [0mPOST /Game/all [32m200[0m 15.434 ms - 693[0m
2023-08-03 21:56:53 info: [0mPOST /Game/all [32m200[0m 62.647 ms - 693[0m
2023-08-03 21:56:58 info: [0mOPTIONS /Game [32m204[0m 0.125 ms - 0[0m
2023-08-03 21:56:58 error: [POST] /Game >> StatusCode:: 400, Message:: MongoError: E11000 duplicate key error collection: test.games index: _id_ dup key: { _id: ObjectId('64cc3b4f0692e380a5e613e5') }, Error: **Error: MongoError: E11000 duplicate key error collection: test.games index: _id_ dup key: { _id: ObjectId('64cc3b4f0692e380a5e613e5') }** Error: **MongoError: E11000 duplicate key error collection: test.games index: _id_ dup key: { _id: ObjectId('64cc3b4f0692e380a5e613e5') }**
2023-08-03 21:56:58 info: [0mPOST /Game [33m400[0m 96.534 ms - 130[0m
2023-08-03 21:57:19 info: [0mOPTIONS /Game [32m204[0m 0.406 ms - 0[0m
2023-08-03 21:57:19 error: [POST] /Game >> StatusCode:: 400, Message:: MongoError: E11000 duplicate key error collection: test.games index: _id_ dup key: { _id: ObjectId('64cc3b4f0692e380a5e613e5') }, Error: **Error: MongoError: E11000 duplicate key error collection: test.games index: _id_ dup key: { _id: ObjectId('64cc3b4f0692e380a5e613e5') }** Error: **MongoError: E11000 duplicate key error collection: test.games index: _id_ dup key: { _id: ObjectId('64cc3b4f0692e380a5e613e5') }**
2023-08-03 21:57:19 info: [0mPOST /Game [33m400[0m 54.254 ms - 130[0m
2023-08-03 22:10:41 info: [0mOPTIONS /login [32m204[0m 1.883 ms - 0[0m
2023-08-03 22:10:41 info: [0mPOST /login [32m200[0m 222.157 ms - 144[0m
2023-08-03 22:10:41 info: [0mOPTIONS /Game/all [32m204[0m 9.449 ms - 0[0m
2023-08-03 22:10:41 info: [0mPOST /Game/all [32m200[0m 10.908 ms - 693[0m
2023-08-03 22:10:41 info: [0mPOST /Game/all [32m200[0m 49.688 ms - 693[0m
2023-08-03 22:11:20 info: [0mOPTIONS /Game/all [32m204[0m 0.141 ms - 0[0m
2023-08-03 22:11:20 info: [0mPOST /Game/all [32m200[0m 53.641 ms - -[0m
2023-08-03 22:14:08 info: =================================
2023-08-03 22:14:08 info: ======= ENV: development =======
2023-08-03 22:14:08 info: 🚀 App listening on http://localhost:42041/api-docs/
2023-08-03 22:16:35 info: [0mOPTIONS /Game/all [32m204[0m 1.500 ms - 0[0m
2023-08-03 22:16:35 info: [0mPOST /Game/all [32m200[0m 79.271 ms - -[0m
2023-08-03 22:16:41 info: [0mOPTIONS /Game [32m204[0m 0.166 ms - 0[0m
2023-08-03 22:16:41 info: [0mPOST /Game [32m201[0m 415.205 ms - -[0m
2023-08-03 22:16:54 info: [0mOPTIONS /Game [32m204[0m 0.132 ms - 0[0m
2023-08-03 22:16:54 info: [0mPUT /Game [32m200[0m 32.595 ms - 695[0m
2023-08-03 22:16:57 info: [0mOPTIONS /Game/all [32m204[0m 0.169 ms - 0[0m
2023-08-03 22:16:57 info: [0mPOST /Game/all [32m200[0m 18.964 ms - -[0m
2023-08-03 22:18:12 info: [0mOPTIONS /Game [32m204[0m 0.160 ms - 0[0m
2023-08-03 22:18:12 error: [POST] /Game >> StatusCode:: 400, Message:: MongoError: E11000 duplicate key error collection: test.games index: _id_ dup key: { _id: ObjectId('64cc517927b99283ee2efec6') }, Error: **Error: MongoError: E11000 duplicate key error collection: test.games index: _id_ dup key: { _id: ObjectId('64cc517927b99283ee2efec6') }** Error: **MongoError: E11000 duplicate key error collection: test.games index: _id_ dup key: { _id: ObjectId('64cc517927b99283ee2efec6') }**
2023-08-03 22:18:12 info: [0mPOST /Game [33m400[0m 18.219 ms - 130[0m
2023-08-03 22:18:29 info: [0mOPTIONS /Game [32m204[0m 0.160 ms - 0[0m
2023-08-03 22:18:29 error: [POST] /Game >> StatusCode:: 400, Message:: MongoError: E11000 duplicate key error collection: test.games index: _id_ dup key: { _id: ObjectId('64cc517927b99283ee2efec6') }, Error: **Error: MongoError: E11000 duplicate key error collection: test.games index: _id_ dup key: { _id: ObjectId('64cc517927b99283ee2efec6') }** Error: **MongoError: E11000 duplicate key error collection: test.games index: _id_ dup key: { _id: ObjectId('64cc517927b99283ee2efec6') }**
2023-08-03 22:18:29 info: [0mPOST /Game [33m400[0m 16.325 ms - 130[0m
2023-08-03 22:19:05 info: [0mOPTIONS /Game [32m204[0m 0.159 ms - 0[0m
2023-08-03 22:19:05 info: [0mPOST /Game [32m201[0m 273.675 ms - -[0m
2023-08-03 22:19:19 info: [0mOPTIONS /Game [32m204[0m 0.198 ms - 0[0m
2023-08-03 22:19:20 info: [0mPUT /Game [32m200[0m 58.980 ms - 694[0m
2023-08-03 22:19:21 info: [0mOPTIONS /Game/all [32m204[0m 0.152 ms - 0[0m
2023-08-03 22:19:21 info: [0mPOST /Game/all [32m200[0m 12.433 ms - -[0m
2023-08-03 22:20:48 info: [0mOPTIONS /Game [32m204[0m 0.147 ms - 0[0m
2023-08-03 22:20:48 error: [POST] /Game >> StatusCode:: 400, Message:: MongoError: E11000 duplicate key error collection: test.games index: _id_ dup key: { _id: ObjectId('64cc517927b99283ee2efec6') }, Error: **Error: MongoError: E11000 duplicate key error collection: test.games index: _id_ dup key: { _id: ObjectId('64cc517927b99283ee2efec6') }** Error: **MongoError: E11000 duplicate key error collection: test.games index: _id_ dup key: { _id: ObjectId('64cc517927b99283ee2efec6') }**
2023-08-03 22:20:48 info: [0mPOST /Game [33m400[0m 16.885 ms - 130[0m
2023-08-03 22:28:00 info: [0mOPTIONS /Game/all [32m204[0m 0.709 ms - 0[0m
2023-08-03 22:28:00 info: [0mPOST /Game/all [32m200[0m 13.233 ms - -[0m
2023-08-03 22:28:09 info: [0mOPTIONS /Game [32m204[0m 0.151 ms - 0[0m
2023-08-03 22:28:09 error: [POST] /Game >> StatusCode:: 400, Message:: MongoError: E11000 duplicate key error collection: test.games index: _id_ dup key: { _id: ObjectId('64cc517927b99283ee2efec6') }, Error: **Error: MongoError: E11000 duplicate key error collection: test.games index: _id_ dup key: { _id: ObjectId('64cc517927b99283ee2efec6') }** Error: **MongoError: E11000 duplicate key error collection: test.games index: _id_ dup key: { _id: ObjectId('64cc517927b99283ee2efec6') }**
2023-08-03 22:28:09 info: [0mPOST /Game [33m400[0m 26.919 ms - 130[0m
2023-08-03 22:28:19 info: [0mOPTIONS /Game [32m204[0m 0.151 ms - 0[0m
2023-08-03 22:28:19 error: [POST] /Game >> StatusCode:: 400, Message:: MongoError: E11000 duplicate key error collection: test.games index: _id_ dup key: { _id: ObjectId('64cc517927b99283ee2efec6') }, Error: **Error: MongoError: E11000 duplicate key error collection: test.games index: _id_ dup key: { _id: ObjectId('64cc517927b99283ee2efec6') }** Error: **MongoError: E11000 duplicate key error collection: test.games index: _id_ dup key: { _id: ObjectId('64cc517927b99283ee2efec6') }**
2023-08-03 22:28:19 info: [0mPOST /Game [33m400[0m 30.686 ms - 130[0m
2023-08-03 22:37:47 info: [0mOPTIONS /Game [32m204[0m 0.197 ms - 0[0m
2023-08-03 22:37:47 error: [POST] /Game >> StatusCode:: 400, Message:: MongoError: E11000 duplicate key error collection: test.games index: _id_ dup key: { _id: ObjectId('64cc517927b99283ee2efec6') }, Error: **Error: MongoError: E11000 duplicate key error collection: test.games index: _id_ dup key: { _id: ObjectId('64cc517927b99283ee2efec6') }** Error: **MongoError: E11000 duplicate key error collection: test.games index: _id_ dup key: { _id: ObjectId('64cc517927b99283ee2efec6') }**
2023-08-03 22:37:47 info: [0mPOST /Game [33m400[0m 71.305 ms - 130[0m
2023-08-03 22:38:09 info: [0mOPTIONS /login [32m204[0m 0.170 ms - 0[0m
2023-08-03 22:38:09 info: [0mPOST /login [32m200[0m 321.169 ms - 144[0m
2023-08-03 22:38:09 info: [0mOPTIONS /Game/all [32m204[0m 0.148 ms - 0[0m
2023-08-03 22:38:09 info: [0mOPTIONS /Game/all [32m204[0m 0.616 ms - 0[0m
2023-08-03 22:38:09 info: [0mPOST /Game/all [32m200[0m 40.839 ms - -[0m
2023-08-03 22:38:09 info: [0mPOST /Game/all [32m200[0m 67.241 ms - -[0m
2023-08-03 22:38:27 info: [0mOPTIONS /Game [32m204[0m 0.140 ms - 0[0m
2023-08-03 22:38:27 error: [POST] /Game >> StatusCode:: 400, Message:: MongoError: E11000 duplicate key error collection: test.games index: _id_ dup key: { _id: ObjectId('64cc517927b99283ee2efec6') }, Error: **Error: MongoError: E11000 duplicate key error collection: test.games index: _id_ dup key: { _id: ObjectId('64cc517927b99283ee2efec6') }** Error: **MongoError: E11000 duplicate key error collection: test.games index: _id_ dup key: { _id: ObjectId('64cc517927b99283ee2efec6') }**
2023-08-03 22:38:27 info: [0mPOST /Game [33m400[0m 56.403 ms - 130[0m
2023-08-03 22:38:38 info: [0mOPTIONS /Game [32m204[0m 0.233 ms - 0[0m
2023-08-03 22:38:38 error: [POST] /Game >> StatusCode:: 400, Message:: MongoError: E11000 duplicate key error collection: test.games index: _id_ dup key: { _id: ObjectId('64cc517927b99283ee2efec6') }, Error: **Error: MongoError: E11000 duplicate key error collection: test.games index: _id_ dup key: { _id: ObjectId('64cc517927b99283ee2efec6') }** Error: **MongoError: E11000 duplicate key error collection: test.games index: _id_ dup key: { _id: ObjectId('64cc517927b99283ee2efec6') }**
2023-08-03 22:38:38 info: [0mPOST /Game [33m400[0m 98.211 ms - 130[0m
2023-08-03 22:41:25 info: =================================
2023-08-03 22:41:25 info: ======= ENV: development =======
2023-08-03 22:41:25 info: 🚀 App listening on http://localhost:42041/api-docs/
2023-08-03 22:41:38 info: [0mOPTIONS /login [32m204[0m 1.481 ms - 0[0m
2023-08-03 22:41:39 info: [0mPOST /login [32m200[0m 175.357 ms - 144[0m
2023-08-03 22:41:39 info: [0mOPTIONS /Game/all [32m204[0m 0.161 ms - 0[0m
2023-08-03 22:41:39 info: [0mPOST /Game/all [32m200[0m 47.150 ms - -[0m
2023-08-03 22:41:39 info: [0mPOST /Game/all [32m200[0m 29.736 ms - -[0m
2023-08-03 22:41:43 info: [0mOPTIONS /Game [32m204[0m 0.332 ms - 0[0m
2023-08-03 22:41:44 info: [0mPOST /Game [32m201[0m 531.002 ms - -[0m
2023-08-03 22:42:20 info: [0mOPTIONS /Game [32m204[0m 0.221 ms - 0[0m
2023-08-03 22:42:20 info: [0mPUT /Game [32m200[0m 69.514 ms - 691[0m
2023-08-03 22:42:23 info: [0mOPTIONS /Game/all [32m204[0m 0.158 ms - 0[0m
2023-08-03 22:42:23 info: [0mPOST /Game/all [32m200[0m 8.794 ms - -[0m
2023-08-03 22:42:29 info: [0mOPTIONS /Game [32m204[0m 0.172 ms - 0[0m
2023-08-03 22:42:29 error: [POST] /Game >> StatusCode:: 400, Message:: MongoError: E11000 duplicate key error collection: test.games index: _id_ dup key: { _id: ObjectId('64cc5757380916851c24b82e') }, Error: **Error: MongoError: E11000 duplicate key error collection: test.games index: _id_ dup key: { _id: ObjectId('64cc5757380916851c24b82e') }** Error: **MongoError: E11000 duplicate key error collection: test.games index: _id_ dup key: { _id: ObjectId('64cc5757380916851c24b82e') }**
2023-08-03 22:42:29 info: [0mPOST /Game [33m400[0m 126.792 ms - 130[0m
2023-08-03 22:43:30 info: =================================
2023-08-03 22:43:30 info: ======= ENV: development =======
2023-08-03 22:43:30 info: 🚀 App listening on http://localhost:42041/api-docs/
2023-08-03 22:46:29 info: =================================
2023-08-03 22:46:29 info: ======= ENV: development =======
2023-08-03 22:46:29 info: 🚀 App listening on http://localhost:42041/api-docs/
2023-08-03 23:04:38 info: [0mOPTIONS /signup [32m204[0m 3.325 ms - 0[0m
2023-08-03 23:04:38 info: [0mPOST /signup [32m201[0m 705.544 ms - 122[0m
2023-08-03 23:04:45 info: [0mOPTIONS /login [32m204[0m 0.206 ms - 0[0m
2023-08-03 23:04:45 info: [0mPOST /login [32m200[0m 176.345 ms - 144[0m
2023-08-03 23:04:46 info: [0mOPTIONS /Game/all [32m204[0m 2.036 ms - 0[0m
2023-08-03 23:04:46 info: [0mOPTIONS /Game/all [32m204[0m 6.301 ms - 0[0m
2023-08-03 23:04:46 info: [0mOPTIONS /Game/all [32m204[0m 0.165 ms - 0[0m
2023-08-03 23:04:46 info: [0mPOST /Game/all [32m200[0m 6.411 ms - 2[0m
2023-08-03 23:04:46 info: [0mPOST /Game/all [32m200[0m 78.852 ms - 2[0m
2023-08-03 23:04:46 info: [0mPOST /Game/all [32m200[0m 58.573 ms - 2[0m
2023-08-03 23:04:51 info: [0mOPTIONS /Game [32m204[0m 0.157 ms - 0[0m
2023-08-03 23:04:51 info: [0mPOST /Game [32m201[0m 592.949 ms - -[0m
2023-08-03 23:04:54 info: [0mPUT /Game [32m200[0m 148.149 ms - 692[0m
2023-08-03 23:04:56 info: [0mOPTIONS /Game/all [32m204[0m 0.154 ms - 0[0m
2023-08-03 23:04:56 info: [0mPOST /Game/all [32m200[0m 52.126 ms - 694[0m
2023-08-03 23:05:06 info: [0mOPTIONS /Game [32m204[0m 0.163 ms - 0[0m
2023-08-03 23:05:06 error: [POST] /Game >> StatusCode:: 400, Message:: MongoError: E11000 duplicate key error collection: test.games index: _id_ dup key: { _id: ObjectId('64cc5cc3b276e785c10abf4d') }, Error: **Error: MongoError: E11000 duplicate key error collection: test.games index: _id_ dup key: { _id: ObjectId('64cc5cc3b276e785c10abf4d') }** Error: **MongoError: E11000 duplicate key error collection: test.games index: _id_ dup key: { _id: ObjectId('64cc5cc3b276e785c10abf4d') }**
2023-08-03 23:05:06 info: [0mPOST /Game [33m400[0m 35.407 ms - 130[0m
2023-08-03 23:05:09 error: [POST] /Game >> StatusCode:: 400, Message:: MongoError: E11000 duplicate key error collection: test.games index: _id_ dup key: { _id: ObjectId('64cc5cc3b276e785c10abf4d') }, Error: **Error: MongoError: E11000 duplicate key error collection: test.games index: _id_ dup key: { _id: ObjectId('64cc5cc3b276e785c10abf4d') }** Error: **MongoError: E11000 duplicate key error collection: test.games index: _id_ dup key: { _id: ObjectId('64cc5cc3b276e785c10abf4d') }**
2023-08-03 23:05:09 info: [0mPOST /Game [33m400[0m 12.205 ms - 130[0m
2023-08-03 23:48:55 info: [0mOPTIONS /Game [32m204[0m 8.221 ms - 0[0m
2023-08-03 23:48:56 info: [0mPOST /Game [32m201[0m 824.205 ms - -[0m
2023-08-03 23:49:00 info: [0mOPTIONS /Game/all [32m204[0m 0.217 ms - 0[0m
2023-08-03 23:49:00 info: [0mPOST /Game/all [32m200[0m 271.093 ms - -[0m
2023-08-03 23:49:40 info: [0mOPTIONS /Game [32m204[0m 0.434 ms - 0[0m
2023-08-03 23:49:40 error: [POST] /Game >> StatusCode:: 400, Message:: MongoError: E11000 duplicate key error collection: test.games index: _id_ dup key: { _id: ObjectId('64cc5cc3b276e785c10abf4d') }, Error: **Error: MongoError: E11000 duplicate key error collection: test.games index: _id_ dup key: { _id: ObjectId('64cc5cc3b276e785c10abf4d') }** Error: **MongoError: E11000 duplicate key error collection: test.games index: _id_ dup key: { _id: ObjectId('64cc5cc3b276e785c10abf4d') }**
2023-08-03 23:49:40 info: [0mPOST /Game [33m400[0m 144.147 ms - 130[0m
2023-08-03 23:49:45 error: [POST] /Game >> StatusCode:: 400, Message:: MongoError: E11000 duplicate key error collection: test.games index: _id_ dup key: { _id: ObjectId('64cc5cc3b276e785c10abf4d') }, Error: **Error: MongoError: E11000 duplicate key error collection: test.games index: _id_ dup key: { _id: ObjectId('64cc5cc3b276e785c10abf4d') }** Error: **MongoError: E11000 duplicate key error collection: test.games index: _id_ dup key: { _id: ObjectId('64cc5cc3b276e785c10abf4d') }**
2023-08-03 23:49:45 info: [0mPOST /Game [33m400[0m 78.345 ms - 130[0m
2023-08-03 23:52:40 info: [0mOPTIONS /Game [32m204[0m 0.830 ms - 0[0m
2023-08-03 23:52:40 error: [POST] /Game >> StatusCode:: 400, Message:: MongoError: E11000 duplicate key error collection: test.games index: _id_ dup key: { _id: ObjectId('64cc5cc3b276e785c10abf4d') }, Error: **Error: MongoError: E11000 duplicate key error collection: test.games index: _id_ dup key: { _id: ObjectId('64cc5cc3b276e785c10abf4d') }** Error: **MongoError: E11000 duplicate key error collection: test.games index: _id_ dup key: { _id: ObjectId('64cc5cc3b276e785c10abf4d') }**
2023-08-03 23:52:40 info: [0mPOST /Game [33m400[0m 135.812 ms - 130[0m
2023-08-03 23:52:51 info: [0mOPTIONS /Game/all [32m204[0m 0.147 ms - 0[0m
2023-08-03 23:52:51 info: [0mPOST /Game/all [32m200[0m 41.547 ms - 693[0m
2023-08-03 23:53:00 info: [0mOPTIONS /Game [32m204[0m 0.146 ms - 0[0m
2023-08-03 23:53:00 error: [POST] /Game >> StatusCode:: 400, Message:: MongoError: E11000 duplicate key error collection: test.games index: _id_ dup key: { _id: ObjectId('64cc5cc3b276e785c10abf4d') }, Error: **Error: MongoError: E11000 duplicate key error collection: test.games index: _id_ dup key: { _id: ObjectId('64cc5cc3b276e785c10abf4d') }** Error: **MongoError: E11000 duplicate key error collection: test.games index: _id_ dup key: { _id: ObjectId('64cc5cc3b276e785c10abf4d') }**
2023-08-03 23:53:00 info: [0mPOST /Game [33m400[0m 87.153 ms - 130[0m
