2023-08-18 16:13:29 info: =================================
2023-08-18 16:13:29 info: ======= ENV: development =======
2023-08-18 16:13:29 info: 🚀 App listening on http://localhost:3000/api-docs/
2023-08-18 16:20:46 info: [0mOPTIONS /signup [32m204[0m 4.838 ms - 0[0m
2023-08-18 16:20:46 info: [0mPOST /signup [32m201[0m 381.577 ms - 120[0m
2023-08-18 16:21:12 info: [0mOPTIONS /login [32m204[0m 0.185 ms - 0[0m
2023-08-18 16:21:12 info: [0mPOST /login [32m200[0m 114.028 ms - 142[0m
2023-08-18 16:21:12 info: [0mOPTIONS /Game/all [32m204[0m 0.288 ms - 0[0m
2023-08-18 16:21:12 info: [0mOPTIONS /Game/all [32m204[0m 0.163 ms - 0[0m
2023-08-18 16:21:12 info: [0mPOST /Game/all [32m200[0m 18.494 ms - 2[0m
2023-08-18 16:21:12 info: [0mPOST /Game/all [32m200[0m 32.436 ms - 2[0m
2023-08-18 16:21:28 info: [0mOPTIONS /Game [32m204[0m 0.572 ms - 0[0m
2023-08-18 16:21:28 error: [POST] /Game >> StatusCode:: 400, Message:: ValidationError: game: Path `game` is required., Error: **Error: ValidationError: game: Path `game` is required.** Error: **ValidationError: game: Path `game` is required.**
2023-08-18 16:21:28 info: [0mPOST /Game [33m400[0m 125.888 ms - 49[0m
2023-08-18 16:21:28 info: [0mOPTIONS /Game/all [32m204[0m 0.228 ms - 0[0m
2023-08-18 16:21:28 info: [0mPOST /Game/all [32m200[0m 17.172 ms - 699[0m
2023-08-18 16:21:43 info: [0mOPTIONS /login [32m204[0m 0.163 ms - 0[0m
2023-08-18 16:21:43 info: [0mPOST /login [32m200[0m 110.866 ms - 142[0m
2023-08-18 16:21:43 info: [0mOPTIONS /Game/all [32m204[0m 0.772 ms - 0[0m
2023-08-18 16:21:43 info: [0mOPTIONS /Game/all [32m204[0m 0.203 ms - 0[0m
2023-08-18 16:21:43 info: [0mPOST /Game/all [32m200[0m 29.743 ms - 699[0m
2023-08-18 16:21:43 info: [0mPOST /Game/all [32m200[0m 24.150 ms - 699[0m
2023-08-18 16:21:48 info: [0mOPTIONS /Game/find [32m204[0m 0.173 ms - 0[0m
2023-08-18 16:21:48 info: [0mPOST /Game/find [32m200[0m 25.957 ms - 729[0m
2023-08-18 18:27:35 info: =================================
2023-08-18 18:27:35 info: ======= ENV: development =======
2023-08-18 18:27:35 info: 🚀 App listening on http://localhost:3000/api-docs/
2023-08-18 18:31:13 info: =================================
2023-08-18 18:31:13 info: ======= ENV: development =======
2023-08-18 18:31:13 info: 🚀 App listening on http://localhost:3000/api-docs/
