2023-08-11 01:35:33 info: =================================
2023-08-11 01:35:33 info: ======= ENV: development =======
2023-08-11 01:35:33 info: 🚀 App listening on http://localhost:3000/api-docs/
2023-08-11 01:44:40 info: [0mOPTIONS /signup [32m204[0m 8.075 ms - 0[0m
2023-08-11 01:44:40 info: [0mPOST /signup [32m201[0m 411.791 ms - 120[0m
2023-08-11 01:45:25 info: [0mOPTIONS /login [32m204[0m 0.171 ms - 0[0m
2023-08-11 01:45:25 info: [0mPOST /login [32m200[0m 187.873 ms - 142[0m
2023-08-11 01:45:25 info: [0mOPTIONS /Game/all [32m204[0m 0.914 ms - 0[0m
2023-08-11 01:45:25 info: [0mOPTIONS /Game/all [32m204[0m 0.246 ms - 0[0m
2023-08-11 01:45:25 info: [0mPOST /Game/all [32m200[0m 53.596 ms - 2[0m
2023-08-11 01:45:25 info: [0mPOST /Game/all [32m200[0m 163.533 ms - 2[0m
2023-08-11 02:06:03 info: [0mOPTIONS /signup [32m204[0m 4.726 ms - 0[0m
2023-08-11 02:06:03 info: [0mPOST /signup [32m201[0m 356.718 ms - 120[0m
2023-08-11 02:06:26 info: [0mOPTIONS /login [32m204[0m 0.209 ms - 0[0m
2023-08-11 02:06:27 info: [0mPOST /login [32m200[0m 124.556 ms - 142[0m
2023-08-11 02:06:27 info: [0mOPTIONS /Game/all [32m204[0m 1.139 ms - 0[0m
2023-08-11 02:06:27 info: [0mOPTIONS /Game/all [32m204[0m 0.162 ms - 0[0m
2023-08-11 02:06:27 info: [0mPOST /Game/all [32m200[0m 54.422 ms - 2[0m
2023-08-11 02:06:27 info: [0mPOST /Game/all [32m200[0m 122.346 ms - 2[0m
2023-08-11 02:19:21 info: =================================
2023-08-11 02:19:21 info: ======= ENV: development =======
2023-08-11 02:19:21 info: 🚀 App listening on http://localhost:5000/api-docs/
2023-08-11 02:20:08 info: =================================
2023-08-11 02:20:08 info: ======= ENV: development =======
2023-08-11 02:20:08 info: 🚀 App listening on http://localhost:5000/api-docs/
2023-08-11 02:21:29 info: [0mGET / [32m200[0m 5.918 ms - 2[0m
2023-08-11 02:21:30 info: [0mGET /favicon.ico [33m404[0m 51.076 ms - 150[0m
